4.5319 	CRITICAL 	Already completed 25 of 359 total trials (334 left)
4.7302 	CRITICAL 	Created 334 trials
5.9786 	CRITICAL 	Completed trial 1 out of 334: ../data/sounds/210.wav - ../data/sounds/232.wav
5.9788 	CRITICAL 	Completed trial 2 out of 334: ../data/sounds/111.wav - ../data/sounds/305.wav
5.9788 	CRITICAL 	Completed trial 3 out of 334: ../data/sounds/136.wav - ../data/sounds/199.wav
5.9788 	CRITICAL 	Completed trial 4 out of 334: ../data/sounds/199.wav - ../data/sounds/368.wav
5.9789 	CRITICAL 	Completed trial 5 out of 334: ../data/sounds/368.wav - ../data/sounds/438.wav
5.9789 	CRITICAL 	Completed trial 6 out of 334: ../data/sounds/438.wav - ../data/sounds/489.wav
5.9790 	CRITICAL 	Completed trial 7 out of 334: ../data/sounds/460.wav - ../data/sounds/554.wav
5.9790 	CRITICAL 	Completed trial 8 out of 334: ../data/sounds/301.wav - ../data/sounds/361.wav
5.9790 	CRITICAL 	Completed trial 9 out of 334: ../data/sounds/361.wav - ../data/sounds/423.wav
5.9791 	CRITICAL 	Completed trial 10 out of 334: ../data/sounds/423.wav - ../data/sounds/460.wav
5.9791 	CRITICAL 	Completed trial 11 out of 334: ../data/sounds/87.wav - ../data/sounds/266.wav
5.9791 	CRITICAL 	Completed trial 12 out of 334: ../data/sounds/475.wav - ../data/sounds/538.wav
5.9792 	CRITICAL 	Completed trial 13 out of 334: ../data/sounds/172.wav - ../data/sounds/301.wav
5.9792 	CRITICAL 	Completed trial 14 out of 334: ../data/sounds/449.wav - ../data/sounds/475.wav
5.9792 	CRITICAL 	Completed trial 15 out of 334: ../data/sounds/215.wav - ../data/sounds/226.wav
5.9793 	CRITICAL 	Completed trial 16 out of 334: ../data/sounds/307.wav - ../data/sounds/348.wav
5.9793 	CRITICAL 	Completed trial 17 out of 334: ../data/sounds/429.wav - ../data/sounds/483.wav
5.9793 	CRITICAL 	Completed trial 18 out of 334: ../data/sounds/365.wav - ../data/sounds/429.wav
5.9794 	CRITICAL 	Completed trial 19 out of 334: ../data/sounds/178.wav - ../data/sounds/365.wav
5.9794 	CRITICAL 	Completed trial 20 out of 334: ../data/sounds/159.wav - ../data/sounds/178.wav
5.9795 	CRITICAL 	Completed trial 21 out of 334: ../data/sounds/72.wav - ../data/sounds/256.wav
5.9795 	CRITICAL 	Completed trial 22 out of 334: ../data/sounds/256.wav - ../data/sounds/358.wav
5.9795 	CRITICAL 	Completed trial 23 out of 334: ../data/sounds/358.wav - ../data/sounds/411.wav
5.9795 	CRITICAL 	Completed trial 24 out of 334: ../data/sounds/533.wav - ../data/sounds/566.wav
5.9795 	CRITICAL 	Completed trial 25 out of 334: ../data/sounds/87.wav - ../data/sounds/266.wav
5.9796 	CRITICAL 	Completed trial 26 out of 334: ../data/sounds/266.wav - ../data/sounds/388.wav
5.9796 	CRITICAL 	Completed trial 27 out of 334: ../data/sounds/388.wav - ../data/sounds/396.wav
5.9796 	CRITICAL 	Completed trial 28 out of 334: ../data/sounds/61.wav - ../data/sounds/263.wav
5.9796 	CRITICAL 	Completed trial 29 out of 334: ../data/sounds/348.wav - ../data/sounds/449.wav
5.9796 	CRITICAL 	Completed trial 30 out of 334: ../data/sounds/263.wav - ../data/sounds/324.wav
5.9797 	CRITICAL 	Completed trial 31 out of 334: ../data/sounds/464.wav - ../data/sounds/520.wav
5.9797 	CRITICAL 	Completed trial 32 out of 334: ../data/sounds/396.wav - ../data/sounds/464.wav
5.9797 	CRITICAL 	Completed trial 33 out of 334: ../data/sounds/62.wav - ../data/sounds/181.wav
5.9798 	CRITICAL 	Completed trial 34 out of 334: ../data/sounds/238.wav - ../data/sounds/302.wav
5.9798 	CRITICAL 	Completed trial 35 out of 334: ../data/sounds/185.wav - ../data/sounds/238.wav
5.9799 	CRITICAL 	Completed trial 36 out of 334: ../data/sounds/86.wav - ../data/sounds/185.wav
5.9799 	CRITICAL 	Completed trial 37 out of 334: ../data/sounds/486.wav - ../data/sounds/537.wav
5.9799 	CRITICAL 	Completed trial 38 out of 334: ../data/sounds/420.wav - ../data/sounds/486.wav
5.9800 	CRITICAL 	Completed trial 39 out of 334: ../data/sounds/335.wav - ../data/sounds/420.wav
5.9800 	CRITICAL 	Completed trial 40 out of 334: ../data/sounds/268.wav - ../data/sounds/335.wav
5.9800 	CRITICAL 	Completed trial 41 out of 334: ../data/sounds/217.wav - ../data/sounds/268.wav
5.9801 	CRITICAL 	Completed trial 42 out of 334: ../data/sounds/138.wav - ../data/sounds/217.wav
5.9801 	CRITICAL 	Completed trial 43 out of 334: ../data/sounds/382.wav - ../data/sounds/439.wav
5.9801 	CRITICAL 	Completed trial 44 out of 334: ../data/sounds/349.wav - ../data/sounds/382.wav
5.9802 	CRITICAL 	Completed trial 45 out of 334: ../data/sounds/229.wav - ../data/sounds/349.wav
5.9802 	CRITICAL 	Completed trial 46 out of 334: ../data/sounds/175.wav - ../data/sounds/229.wav
5.9802 	CRITICAL 	Completed trial 47 out of 334: ../data/sounds/59.wav - ../data/sounds/175.wav
5.9803 	CRITICAL 	Completed trial 48 out of 334: ../data/sounds/503.wav - ../data/sounds/522.wav
5.9803 	CRITICAL 	Completed trial 49 out of 334: ../data/sounds/367.wav - ../data/sounds/503.wav
5.9804 	CRITICAL 	Completed trial 50 out of 334: ../data/sounds/354.wav - ../data/sounds/367.wav
5.9804 	CRITICAL 	Completed trial 51 out of 334: ../data/sounds/254.wav - ../data/sounds/354.wav
5.9804 	CRITICAL 	Completed trial 52 out of 334: ../data/sounds/155.wav - ../data/sounds/254.wav
5.9805 	CRITICAL 	Completed trial 53 out of 334: ../data/sounds/100.wav - ../data/sounds/155.wav
5.9805 	CRITICAL 	Completed trial 54 out of 334: ../data/sounds/447.wav - ../data/sounds/519.wav
5.9805 	CRITICAL 	Completed trial 55 out of 334: ../data/sounds/302.wav - ../data/sounds/390.wav
5.9806 	CRITICAL 	Completed trial 56 out of 334: ../data/sounds/390.wav - ../data/sounds/444.wav
5.9806 	CRITICAL 	Completed trial 57 out of 334: ../data/sounds/444.wav - ../data/sounds/543.wav
5.9806 	CRITICAL 	Completed trial 58 out of 334: ../data/sounds/114.wav - ../data/sounds/189.wav
5.9807 	CRITICAL 	Completed trial 59 out of 334: ../data/sounds/211.wav - ../data/sounds/233.wav
5.9807 	CRITICAL 	Completed trial 60 out of 334: ../data/sounds/98.wav - ../data/sounds/211.wav
5.9807 	CRITICAL 	Completed trial 61 out of 334: ../data/sounds/287.wav - ../data/sounds/298.wav
5.9808 	CRITICAL 	Completed trial 62 out of 334: ../data/sounds/167.wav - ../data/sounds/287.wav
5.9808 	CRITICAL 	Completed trial 63 out of 334: ../data/sounds/54.wav - ../data/sounds/167.wav
5.9808 	CRITICAL 	Completed trial 64 out of 334: ../data/sounds/354.wav - ../data/sounds/367.wav
5.9808 	CRITICAL 	Completed trial 65 out of 334: ../data/sounds/254.wav - ../data/sounds/354.wav
5.9808 	CRITICAL 	Completed trial 66 out of 334: ../data/sounds/155.wav - ../data/sounds/254.wav
5.9809 	CRITICAL 	Completed trial 67 out of 334: ../data/sounds/100.wav - ../data/sounds/155.wav
5.9809 	CRITICAL 	Completed trial 68 out of 334: ../data/sounds/319.wav - ../data/sounds/385.wav
5.9809 	CRITICAL 	Completed trial 69 out of 334: ../data/sounds/407.wav - ../data/sounds/447.wav
5.9809 	CRITICAL 	Completed trial 70 out of 334: ../data/sounds/269.wav - ../data/sounds/319.wav
5.9809 	CRITICAL 	Completed trial 71 out of 334: ../data/sounds/140.wav - ../data/sounds/225.wav
5.9810 	CRITICAL 	Completed trial 72 out of 334: ../data/sounds/413.wav - ../data/sounds/433.wav
5.9810 	CRITICAL 	Completed trial 73 out of 334: ../data/sounds/356.wav - ../data/sounds/413.wav
5.9811 	CRITICAL 	Completed trial 74 out of 334: ../data/sounds/282.wav - ../data/sounds/356.wav
5.9811 	CRITICAL 	Completed trial 75 out of 334: ../data/sounds/176.wav - ../data/sounds/282.wav
5.9811 	CRITICAL 	Completed trial 76 out of 334: ../data/sounds/110.wav - ../data/sounds/176.wav
5.9812 	CRITICAL 	Completed trial 77 out of 334: ../data/sounds/417.wav - ../data/sounds/454.wav
5.9812 	CRITICAL 	Completed trial 78 out of 334: ../data/sounds/346.wav - ../data/sounds/417.wav
5.9813 	CRITICAL 	Completed trial 79 out of 334: ../data/sounds/260.wav - ../data/sounds/346.wav
5.9813 	CRITICAL 	Completed trial 80 out of 334: ../data/sounds/189.wav - ../data/sounds/260.wav
5.9813 	CRITICAL 	Completed trial 81 out of 334: ../data/sounds/225.wav - ../data/sounds/269.wav
5.9814 	CRITICAL 	Completed trial 82 out of 334: ../data/sounds/296.wav - ../data/sounds/407.wav
5.9814 	CRITICAL 	Completed trial 83 out of 334: ../data/sounds/439.wav - ../data/sounds/527.wav
5.9814 	CRITICAL 	Completed trial 84 out of 334: ../data/sounds/197.wav - ../data/sounds/271.wav
5.9815 	CRITICAL 	Completed trial 85 out of 334: ../data/sounds/196.wav - ../data/sounds/243.wav
5.9815 	CRITICAL 	Completed trial 86 out of 334: ../data/sounds/145.wav - ../data/sounds/196.wav
5.9816 	CRITICAL 	Completed trial 87 out of 334: ../data/sounds/510.wav - ../data/sounds/560.wav
5.9816 	CRITICAL 	Completed trial 88 out of 334: ../data/sounds/472.wav - ../data/sounds/510.wav
5.9816 	CRITICAL 	Completed trial 89 out of 334: ../data/sounds/370.wav - ../data/sounds/472.wav
5.9817 	CRITICAL 	Completed trial 90 out of 334: ../data/sounds/304.wav - ../data/sounds/370.wav
5.9817 	CRITICAL 	Completed trial 91 out of 334: ../data/sounds/292.wav - ../data/sounds/304.wav
5.9817 	CRITICAL 	Completed trial 92 out of 334: ../data/sounds/222.wav - ../data/sounds/292.wav
5.9818 	CRITICAL 	Completed trial 93 out of 334: ../data/sounds/135.wav - ../data/sounds/222.wav
5.9818 	CRITICAL 	Completed trial 94 out of 334: ../data/sounds/535.wav - ../data/sounds/559.wav
5.9819 	CRITICAL 	Completed trial 95 out of 334: ../data/sounds/243.wav - ../data/sounds/328.wav
5.9819 	CRITICAL 	Completed trial 96 out of 334: ../data/sounds/424.wav - ../data/sounds/535.wav
5.9819 	CRITICAL 	Completed trial 97 out of 334: ../data/sounds/271.wav - ../data/sounds/296.wav
5.9819 	CRITICAL 	Completed trial 98 out of 334: ../data/sounds/280.wav - ../data/sounds/316.wav
5.9820 	CRITICAL 	Completed trial 99 out of 334: ../data/sounds/206.wav - ../data/sounds/280.wav
5.9820 	CRITICAL 	Completed trial 100 out of 334: ../data/sounds/204.wav - ../data/sounds/206.wav
5.9820 	CRITICAL 	Completed trial 101 out of 334: ../data/sounds/507.wav - ../data/sounds/552.wav
5.9820 	CRITICAL 	Completed trial 102 out of 334: ../data/sounds/458.wav - ../data/sounds/507.wav
5.9821 	CRITICAL 	Completed trial 103 out of 334: ../data/sounds/394.wav - ../data/sounds/458.wav
5.9821 	CRITICAL 	Completed trial 104 out of 334: ../data/sounds/308.wav - ../data/sounds/394.wav
5.9821 	CRITICAL 	Completed trial 105 out of 334: ../data/sounds/250.wav - ../data/sounds/308.wav
5.9821 	CRITICAL 	Completed trial 106 out of 334: ../data/sounds/181.wav - ../data/sounds/250.wav
5.9822 	CRITICAL 	Completed trial 107 out of 334: ../data/sounds/376.wav - ../data/sounds/424.wav
5.9822 	CRITICAL 	Completed trial 108 out of 334: ../data/sounds/328.wav - ../data/sounds/373.wav
5.9822 	CRITICAL 	Completed trial 109 out of 334: ../data/sounds/316.wav - ../data/sounds/376.wav
5.9823 	CRITICAL 	Completed trial 110 out of 334: ../data/sounds/450.wav - ../data/sounds/530.wav
5.9823 	CRITICAL 	Completed trial 111 out of 334: ../data/sounds/373.wav - ../data/sounds/450.wav
5.9824 	CRITICAL 	Completed trial 112 out of 334: ../data/sounds/71.wav - ../data/sounds/197.wav
5.9824 	CRITICAL 	Completed trial 113 out of 334: ../data/sounds/91.wav - ../data/sounds/163.wav
5.9825 	CRITICAL 	Completed trial 114 out of 334: ../data/sounds/482.wav - ../data/sounds/500.wav
5.9825 	CRITICAL 	Completed trial 115 out of 334: ../data/sounds/408.wav - ../data/sounds/482.wav
5.9825 	CRITICAL 	Completed trial 116 out of 334: ../data/sounds/269.wav - ../data/sounds/320.wav
5.9826 	CRITICAL 	Completed trial 117 out of 334: ../data/sounds/225.wav - ../data/sounds/269.wav
5.9826 	CRITICAL 	Completed trial 118 out of 334: ../data/sounds/140.wav - ../data/sounds/225.wav
5.9826 	CRITICAL 	Completed trial 119 out of 334: ../data/sounds/481.wav - ../data/sounds/495.wav
5.9827 	CRITICAL 	Completed trial 120 out of 334: ../data/sounds/436.wav - ../data/sounds/481.wav
5.9827 	CRITICAL 	Completed trial 121 out of 334: ../data/sounds/298.wav - ../data/sounds/436.wav
5.9828 	CRITICAL 	Completed trial 122 out of 334: ../data/sounds/320.wav - ../data/sounds/408.wav
5.9828 	CRITICAL 	Completed trial 123 out of 334: ../data/sounds/167.wav - ../data/sounds/287.wav
5.9828 	CRITICAL 	Completed trial 124 out of 334: ../data/sounds/54.wav - ../data/sounds/167.wav
5.9829 	CRITICAL 	Completed trial 125 out of 334: ../data/sounds/467.wav - ../data/sounds/490.wav
5.9829 	CRITICAL 	Completed trial 126 out of 334: ../data/sounds/398.wav - ../data/sounds/467.wav
5.9830 	CRITICAL 	Completed trial 127 out of 334: ../data/sounds/339.wav - ../data/sounds/398.wav
5.9830 	CRITICAL 	Completed trial 128 out of 334: ../data/sounds/248.wav - ../data/sounds/339.wav
5.9830 	CRITICAL 	Completed trial 129 out of 334: ../data/sounds/216.wav - ../data/sounds/248.wav
5.9831 	CRITICAL 	Completed trial 130 out of 334: ../data/sounds/51.wav - ../data/sounds/216.wav
5.9831 	CRITICAL 	Completed trial 131 out of 334: ../data/sounds/287.wav - ../data/sounds/298.wav
5.9831 	CRITICAL 	Completed trial 132 out of 334: ../data/sounds/530.wav - ../data/sounds/567.wav
5.9832 	CRITICAL 	Completed trial 133 out of 334: ../data/sounds/246.wav - ../data/sounds/343.wav
5.9832 	CRITICAL 	Completed trial 134 out of 334: ../data/sounds/291.wav - ../data/sounds/403.wav
5.9833 	CRITICAL 	Completed trial 135 out of 334: ../data/sounds/179.wav - ../data/sounds/291.wav
5.9833 	CRITICAL 	Completed trial 136 out of 334: ../data/sounds/88.wav - ../data/sounds/179.wav
5.9833 	CRITICAL 	Completed trial 137 out of 334: ../data/sounds/295.wav - ../data/sounds/375.wav
5.9833 	CRITICAL 	Completed trial 138 out of 334: ../data/sounds/173.wav - ../data/sounds/295.wav
5.9834 	CRITICAL 	Completed trial 139 out of 334: ../data/sounds/112.wav - ../data/sounds/173.wav
5.9834 	CRITICAL 	Completed trial 140 out of 334: ../data/sounds/372.wav - ../data/sounds/448.wav
5.9834 	CRITICAL 	Completed trial 141 out of 334: ../data/sounds/214.wav - ../data/sounds/246.wav
5.9835 	CRITICAL 	Completed trial 142 out of 334: ../data/sounds/246.wav - ../data/sounds/340.wav
5.9835 	CRITICAL 	Completed trial 143 out of 334: ../data/sounds/340.wav - ../data/sounds/363.wav
5.9835 	CRITICAL 	Completed trial 144 out of 334: ../data/sounds/363.wav - ../data/sounds/501.wav
5.9836 	CRITICAL 	Completed trial 145 out of 334: ../data/sounds/501.wav - ../data/sounds/506.wav
5.9836 	CRITICAL 	Completed trial 146 out of 334: ../data/sounds/50.wav - ../data/sounds/165.wav
5.9837 	CRITICAL 	Completed trial 147 out of 334: ../data/sounds/165.wav - ../data/sounds/327.wav
5.9837 	CRITICAL 	Completed trial 148 out of 334: ../data/sounds/327.wav - ../data/sounds/441.wav
5.9837 	CRITICAL 	Completed trial 149 out of 334: ../data/sounds/441.wav - ../data/sounds/465.wav
5.9838 	CRITICAL 	Completed trial 150 out of 334: ../data/sounds/465.wav - ../data/sounds/511.wav
5.9838 	CRITICAL 	Completed trial 151 out of 334: ../data/sounds/153.wav - ../data/sounds/161.wav
5.9838 	CRITICAL 	Completed trial 152 out of 334: ../data/sounds/403.wav - ../data/sounds/455.wav
5.9839 	CRITICAL 	Completed trial 153 out of 334: ../data/sounds/95.wav - ../data/sounds/228.wav
5.9839 	CRITICAL 	Completed trial 154 out of 334: ../data/sounds/228.wav - ../data/sounds/272.wav
5.9840 	CRITICAL 	Completed trial 155 out of 334: ../data/sounds/272.wav - ../data/sounds/347.wav
5.9840 	CRITICAL 	Completed trial 156 out of 334: ../data/sounds/165.wav - ../data/sounds/327.wav
5.9840 	CRITICAL 	Completed trial 157 out of 334: ../data/sounds/50.wav - ../data/sounds/165.wav
5.9841 	CRITICAL 	Completed trial 158 out of 334: ../data/sounds/364.wav - ../data/sounds/555.wav
5.9846 	CRITICAL 	Completed trial 159 out of 334: ../data/sounds/315.wav - ../data/sounds/364.wav
5.9846 	CRITICAL 	Completed trial 160 out of 334: ../data/sounds/231.wav - ../data/sounds/315.wav
5.9846 	CRITICAL 	Completed trial 161 out of 334: ../data/sounds/137.wav - ../data/sounds/231.wav
5.9846 	CRITICAL 	Completed trial 162 out of 334: ../data/sounds/397.wav - ../data/sounds/497.wav
5.9846 	CRITICAL 	Completed trial 163 out of 334: ../data/sounds/289.wav - ../data/sounds/397.wav
5.9847 	CRITICAL 	Completed trial 164 out of 334: ../data/sounds/161.wav - ../data/sounds/300.wav
5.9847 	CRITICAL 	Completed trial 165 out of 334: ../data/sounds/267.wav - ../data/sounds/289.wav
5.9848 	CRITICAL 	Completed trial 166 out of 334: ../data/sounds/279.wav - ../data/sounds/414.wav
5.9848 	CRITICAL 	Completed trial 167 out of 334: ../data/sounds/258.wav - ../data/sounds/279.wav
5.9848 	CRITICAL 	Completed trial 168 out of 334: ../data/sounds/64.wav - ../data/sounds/258.wav
5.9849 	CRITICAL 	Completed trial 169 out of 334: ../data/sounds/359.wav - ../data/sounds/479.wav
5.9849 	CRITICAL 	Completed trial 170 out of 334: ../data/sounds/274.wav - ../data/sounds/359.wav
5.9850 	CRITICAL 	Completed trial 171 out of 334: ../data/sounds/234.wav - ../data/sounds/274.wav
5.9850 	CRITICAL 	Completed trial 172 out of 334: ../data/sounds/73.wav - ../data/sounds/234.wav
5.9850 	CRITICAL 	Completed trial 173 out of 334: ../data/sounds/347.wav - ../data/sounds/466.wav
5.9851 	CRITICAL 	Completed trial 174 out of 334: ../data/sounds/240.wav - ../data/sounds/267.wav
5.9851 	CRITICAL 	Completed trial 175 out of 334: ../data/sounds/300.wav - ../data/sounds/386.wav
5.9851 	CRITICAL 	Completed trial 176 out of 334: ../data/sounds/386.wav - ../data/sounds/492.wav
5.9852 	CRITICAL 	Completed trial 177 out of 334: ../data/sounds/492.wav - ../data/sounds/515.wav
5.9852 	CRITICAL 	Completed trial 178 out of 334: ../data/sounds/485.wav - ../data/sounds/563.wav
5.9853 	CRITICAL 	Completed trial 179 out of 334: ../data/sounds/224.wav - ../data/sounds/249.wav
5.9853 	CRITICAL 	Completed trial 180 out of 334: ../data/sounds/249.wav - ../data/sounds/303.wav
5.9853 	CRITICAL 	Completed trial 181 out of 334: ../data/sounds/303.wav - ../data/sounds/353.wav
5.9854 	CRITICAL 	Completed trial 182 out of 334: ../data/sounds/353.wav - ../data/sounds/459.wav
5.9854 	CRITICAL 	Completed trial 183 out of 334: ../data/sounds/459.wav - ../data/sounds/564.wav
5.9854 	CRITICAL 	Completed trial 184 out of 334: ../data/sounds/209.wav - ../data/sounds/253.wav
5.9855 	CRITICAL 	Completed trial 185 out of 334: ../data/sounds/253.wav - ../data/sounds/326.wav
5.9855 	CRITICAL 	Completed trial 186 out of 334: ../data/sounds/115.wav - ../data/sounds/264.wav
5.9855 	CRITICAL 	Completed trial 187 out of 334: ../data/sounds/264.wav - ../data/sounds/310.wav
5.9856 	CRITICAL 	Completed trial 188 out of 334: ../data/sounds/310.wav - ../data/sounds/369.wav
5.9856 	CRITICAL 	Completed trial 189 out of 334: ../data/sounds/369.wav - ../data/sounds/421.wav
5.9856 	CRITICAL 	Completed trial 190 out of 334: ../data/sounds/214.wav - ../data/sounds/246.wav
5.9857 	CRITICAL 	Completed trial 191 out of 334: ../data/sounds/246.wav - ../data/sounds/340.wav
5.9857 	CRITICAL 	Completed trial 192 out of 334: ../data/sounds/340.wav - ../data/sounds/363.wav
5.9857 	CRITICAL 	Completed trial 193 out of 334: ../data/sounds/52.wav - ../data/sounds/183.wav
5.9857 	CRITICAL 	Completed trial 194 out of 334: ../data/sounds/183.wav - ../data/sounds/337.wav
5.9857 	CRITICAL 	Completed trial 195 out of 334: ../data/sounds/337.wav - ../data/sounds/410.wav
5.9858 	CRITICAL 	Completed trial 196 out of 334: ../data/sounds/214.wav - ../data/sounds/246.wav
5.9858 	CRITICAL 	Completed trial 197 out of 334: ../data/sounds/351.wav - ../data/sounds/485.wav
5.9858 	CRITICAL 	Completed trial 198 out of 334: ../data/sounds/343.wav - ../data/sounds/372.wav
5.9858 	CRITICAL 	Completed trial 199 out of 334: ../data/sounds/285.wav - ../data/sounds/351.wav
5.9858 	CRITICAL 	Completed trial 200 out of 334: ../data/sounds/58.wav - ../data/sounds/200.wav
5.9859 	CRITICAL 	Completed trial 201 out of 334: ../data/sounds/137.wav - ../data/sounds/231.wav
5.9859 	CRITICAL 	Completed trial 202 out of 334: ../data/sounds/231.wav - ../data/sounds/315.wav
5.9859 	CRITICAL 	Completed trial 203 out of 334: ../data/sounds/315.wav - ../data/sounds/364.wav
5.9859 	CRITICAL 	Completed trial 204 out of 334: ../data/sounds/52.wav - ../data/sounds/183.wav
5.9859 	CRITICAL 	Completed trial 205 out of 334: ../data/sounds/183.wav - ../data/sounds/337.wav
5.9860 	CRITICAL 	Completed trial 206 out of 334: ../data/sounds/337.wav - ../data/sounds/410.wav
5.9860 	CRITICAL 	Completed trial 207 out of 334: ../data/sounds/410.wav - ../data/sounds/442.wav
5.9860 	CRITICAL 	Completed trial 208 out of 334: ../data/sounds/112.wav - ../data/sounds/173.wav
5.9860 	CRITICAL 	Completed trial 209 out of 334: ../data/sounds/173.wav - ../data/sounds/295.wav
5.9860 	CRITICAL 	Completed trial 210 out of 334: ../data/sounds/295.wav - ../data/sounds/375.wav
5.9861 	CRITICAL 	Completed trial 211 out of 334: ../data/sounds/375.wav - ../data/sounds/504.wav
5.9861 	CRITICAL 	Completed trial 212 out of 334: ../data/sounds/504.wav - ../data/sounds/531.wav
5.9861 	CRITICAL 	Completed trial 213 out of 334: ../data/sounds/92.wav - ../data/sounds/184.wav
5.9861 	CRITICAL 	Completed trial 214 out of 334: ../data/sounds/184.wav - ../data/sounds/312.wav
5.9861 	CRITICAL 	Completed trial 215 out of 334: ../data/sounds/312.wav - ../data/sounds/381.wav
5.9861 	CRITICAL 	Completed trial 216 out of 334: ../data/sounds/381.wav - ../data/sounds/476.wav
5.9862 	CRITICAL 	Completed trial 217 out of 334: ../data/sounds/476.wav - ../data/sounds/534.wav
5.9862 	CRITICAL 	Completed trial 218 out of 334: ../data/sounds/220.wav - ../data/sounds/536.wav
5.9862 	CRITICAL 	Completed trial 219 out of 334: ../data/sounds/536.wav - ../data/sounds/541.wav
5.9862 	CRITICAL 	Completed trial 220 out of 334: ../data/sounds/200.wav - ../data/sounds/285.wav
5.9862 	CRITICAL 	Completed trial 221 out of 334: ../data/sounds/414.wav - ../data/sounds/487.wav
5.9863 	CRITICAL 	Completed trial 222 out of 334: ../data/sounds/214.wav - ../data/sounds/246.wav
5.9863 	CRITICAL 	Completed trial 223 out of 334: ../data/sounds/95.wav - ../data/sounds/228.wav
5.9863 	CRITICAL 	Completed trial 224 out of 334: ../data/sounds/182.wav - ../data/sounds/275.wav
5.9863 	CRITICAL 	Completed trial 225 out of 334: ../data/sounds/494.wav - ../data/sounds/525.wav
5.9864 	CRITICAL 	Completed trial 226 out of 334: ../data/sounds/65.wav - ../data/sounds/207.wav
5.9864 	CRITICAL 	Completed trial 227 out of 334: ../data/sounds/207.wav - ../data/sounds/247.wav
5.9864 	CRITICAL 	Completed trial 228 out of 334: ../data/sounds/247.wav - ../data/sounds/330.wav
5.9865 	CRITICAL 	Completed trial 229 out of 334: ../data/sounds/330.wav - ../data/sounds/409.wav
5.9865 	CRITICAL 	Completed trial 230 out of 334: ../data/sounds/409.wav - ../data/sounds/484.wav
5.9865 	CRITICAL 	Completed trial 231 out of 334: ../data/sounds/484.wav - ../data/sounds/528.wav
5.9865 	CRITICAL 	Completed trial 232 out of 334: ../data/sounds/94.wav - ../data/sounds/162.wav
5.9866 	CRITICAL 	Completed trial 233 out of 334: ../data/sounds/162.wav - ../data/sounds/255.wav
5.9866 	CRITICAL 	Completed trial 234 out of 334: ../data/sounds/255.wav - ../data/sounds/288.wav
5.9867 	CRITICAL 	Completed trial 235 out of 334: ../data/sounds/288.wav - ../data/sounds/360.wav
5.9867 	CRITICAL 	Completed trial 236 out of 334: ../data/sounds/360.wav - ../data/sounds/505.wav
5.9867 	CRITICAL 	Completed trial 237 out of 334: ../data/sounds/505.wav - ../data/sounds/532.wav
5.9868 	CRITICAL 	Completed trial 238 out of 334: ../data/sounds/132.wav - ../data/sounds/202.wav
5.9868 	CRITICAL 	Completed trial 239 out of 334: ../data/sounds/202.wav - ../data/sounds/212.wav
5.9868 	CRITICAL 	Completed trial 240 out of 334: ../data/sounds/212.wav - ../data/sounds/313.wav
5.9869 	CRITICAL 	Completed trial 241 out of 334: ../data/sounds/313.wav - ../data/sounds/391.wav
5.9869 	CRITICAL 	Completed trial 242 out of 334: ../data/sounds/391.wav - ../data/sounds/435.wav
5.9870 	CRITICAL 	Completed trial 243 out of 334: ../data/sounds/435.wav - ../data/sounds/557.wav
5.9870 	CRITICAL 	Completed trial 244 out of 334: ../data/sounds/118.wav - ../data/sounds/158.wav
5.9870 	CRITICAL 	Completed trial 245 out of 334: ../data/sounds/158.wav - ../data/sounds/244.wav
5.9871 	CRITICAL 	Completed trial 246 out of 334: ../data/sounds/244.wav - ../data/sounds/350.wav
5.9871 	CRITICAL 	Completed trial 247 out of 334: ../data/sounds/350.wav - ../data/sounds/374.wav
5.9871 	CRITICAL 	Completed trial 248 out of 334: ../data/sounds/440.wav - ../data/sounds/494.wav
5.9872 	CRITICAL 	Completed trial 249 out of 334: ../data/sounds/345.wav - ../data/sounds/440.wav
5.9872 	CRITICAL 	Completed trial 250 out of 334: ../data/sounds/275.wav - ../data/sounds/345.wav
5.9872 	CRITICAL 	Completed trial 251 out of 334: ../data/sounds/182.wav - ../data/sounds/275.wav
5.9873 	CRITICAL 	Completed trial 252 out of 334: ../data/sounds/70.wav - ../data/sounds/166.wav
5.9873 	CRITICAL 	Completed trial 253 out of 334: ../data/sounds/166.wav - ../data/sounds/273.wav
5.9874 	CRITICAL 	Completed trial 254 out of 334: ../data/sounds/273.wav - ../data/sounds/306.wav
5.9874 	CRITICAL 	Completed trial 255 out of 334: ../data/sounds/306.wav - ../data/sounds/422.wav
5.9874 	CRITICAL 	Completed trial 256 out of 334: ../data/sounds/422.wav - ../data/sounds/462.wav
5.9875 	CRITICAL 	Completed trial 257 out of 334: ../data/sounds/462.wav - ../data/sounds/499.wav
5.9875 	CRITICAL 	Completed trial 258 out of 334: ../data/sounds/60.wav - ../data/sounds/191.wav
5.9875 	CRITICAL 	Completed trial 259 out of 334: ../data/sounds/191.wav - ../data/sounds/237.wav
5.9876 	CRITICAL 	Completed trial 260 out of 334: ../data/sounds/237.wav - ../data/sounds/299.wav
5.9876 	CRITICAL 	Completed trial 261 out of 334: ../data/sounds/299.wav - ../data/sounds/357.wav
5.9876 	CRITICAL 	Completed trial 262 out of 334: ../data/sounds/357.wav - ../data/sounds/456.wav
5.9876 	CRITICAL 	Completed trial 263 out of 334: ../data/sounds/456.wav - ../data/sounds/512.wav
5.9877 	CRITICAL 	Completed trial 264 out of 334: ../data/sounds/55.wav - ../data/sounds/203.wav
5.9877 	CRITICAL 	Completed trial 265 out of 334: ../data/sounds/203.wav - ../data/sounds/213.wav
5.9877 	CRITICAL 	Completed trial 266 out of 334: ../data/sounds/213.wav - ../data/sounds/318.wav
5.9877 	CRITICAL 	Completed trial 267 out of 334: ../data/sounds/318.wav - ../data/sounds/371.wav
5.9878 	CRITICAL 	Completed trial 268 out of 334: ../data/sounds/371.wav - ../data/sounds/508.wav
5.9878 	CRITICAL 	Completed trial 269 out of 334: ../data/sounds/508.wav - ../data/sounds/517.wav
5.9878 	CRITICAL 	Completed trial 270 out of 334: ../data/sounds/103.wav - ../data/sounds/182.wav
5.9878 	CRITICAL 	Completed trial 271 out of 334: ../data/sounds/182.wav - ../data/sounds/276.wav
5.9878 	CRITICAL 	Completed trial 272 out of 334: ../data/sounds/276.wav - ../data/sounds/352.wav
5.9879 	CRITICAL 	Completed trial 273 out of 334: ../data/sounds/352.wav - ../data/sounds/418.wav
5.9879 	CRITICAL 	Completed trial 274 out of 334: ../data/sounds/418.wav - ../data/sounds/477.wav
5.9879 	CRITICAL 	Completed trial 275 out of 334: ../data/sounds/477.wav - ../data/sounds/521.wav
5.9879 	CRITICAL 	Completed trial 276 out of 334: ../data/sounds/103.wav - ../data/sounds/182.wav
5.9880 	CRITICAL 	Completed trial 277 out of 334: ../data/sounds/374.wav - ../data/sounds/430.wav
5.9880 	CRITICAL 	Completed trial 278 out of 334: ../data/sounds/430.wav - ../data/sounds/561.wav
5.9880 	CRITICAL 	Completed trial 279 out of 334: ../data/sounds/90.wav - ../data/sounds/193.wav
5.9880 	CRITICAL 	Completed trial 280 out of 334: ../data/sounds/193.wav - ../data/sounds/265.wav
5.9880 	CRITICAL 	Completed trial 281 out of 334: ../data/sounds/236.wav - ../data/sounds/325.wav
5.9881 	CRITICAL 	Completed trial 282 out of 334: ../data/sounds/325.wav - ../data/sounds/380.wav
5.9881 	CRITICAL 	Completed trial 283 out of 334: ../data/sounds/380.wav - ../data/sounds/473.wav
5.9881 	CRITICAL 	Completed trial 284 out of 334: ../data/sounds/55.wav - ../data/sounds/203.wav
5.9881 	CRITICAL 	Completed trial 285 out of 334: ../data/sounds/203.wav - ../data/sounds/213.wav
5.9881 	CRITICAL 	Completed trial 286 out of 334: ../data/sounds/213.wav - ../data/sounds/318.wav
5.9882 	CRITICAL 	Completed trial 287 out of 334: ../data/sounds/318.wav - ../data/sounds/371.wav
5.9882 	CRITICAL 	Completed trial 288 out of 334: ../data/sounds/94.wav - ../data/sounds/162.wav
5.9882 	CRITICAL 	Completed trial 289 out of 334: ../data/sounds/162.wav - ../data/sounds/255.wav
5.9882 	CRITICAL 	Completed trial 290 out of 334: ../data/sounds/255.wav - ../data/sounds/288.wav
5.9882 	CRITICAL 	Completed trial 291 out of 334: ../data/sounds/288.wav - ../data/sounds/360.wav
5.9883 	CRITICAL 	Completed trial 292 out of 334: ../data/sounds/177.wav - ../data/sounds/236.wav
5.9883 	CRITICAL 	Completed trial 293 out of 334: ../data/sounds/113.wav - ../data/sounds/539.wav
5.9883 	CRITICAL 	Completed trial 294 out of 334: ../data/sounds/103.wav - ../data/sounds/182.wav
5.9883 	CRITICAL 	Completed trial 295 out of 334: ../data/sounds/182.wav - ../data/sounds/275.wav
5.9883 	CRITICAL 	Completed trial 296 out of 334: ../data/sounds/275.wav - ../data/sounds/345.wav
5.9884 	CRITICAL 	Completed trial 297 out of 334: ../data/sounds/139.wav - ../data/sounds/146.wav
5.9884 	CRITICAL 	Completed trial 298 out of 334: ../data/sounds/146.wav - ../data/sounds/218.wav
5.9884 	CRITICAL 	Completed trial 299 out of 334: ../data/sounds/218.wav - ../data/sounds/342.wav
5.9884 	CRITICAL 	Completed trial 300 out of 334: ../data/sounds/105.wav - ../data/sounds/150.wav
5.9885 	CRITICAL 	Completed trial 301 out of 334: ../data/sounds/150.wav - ../data/sounds/262.wav
5.9885 	CRITICAL 	Completed trial 302 out of 334: ../data/sounds/262.wav - ../data/sounds/332.wav
5.9885 	CRITICAL 	Completed trial 303 out of 334: ../data/sounds/332.wav - ../data/sounds/412.wav
5.9885 	CRITICAL 	Completed trial 304 out of 334: ../data/sounds/103.wav - ../data/sounds/182.wav
5.9885 	CRITICAL 	Completed trial 305 out of 334: ../data/sounds/539.wav - ../data/sounds/540.wav
5.9886 	CRITICAL 	Completed trial 306 out of 334: ../data/sounds/90.wav - ../data/sounds/193.wav
5.9886 	CRITICAL 	Completed trial 307 out of 334: ../data/sounds/141.wav - ../data/sounds/177.wav
5.9886 	CRITICAL 	Completed trial 308 out of 334: ../data/sounds/294.wav - ../data/sounds/366.wav
5.9886 	CRITICAL 	Completed trial 309 out of 334: ../data/sounds/265.wav - ../data/sounds/290.wav
5.9886 	CRITICAL 	Completed trial 310 out of 334: ../data/sounds/290.wav - ../data/sounds/387.wav
5.9887 	CRITICAL 	Completed trial 311 out of 334: ../data/sounds/387.wav - ../data/sounds/488.wav
5.9887 	CRITICAL 	Completed trial 312 out of 334: ../data/sounds/488.wav - ../data/sounds/565.wav
5.9887 	CRITICAL 	Completed trial 313 out of 334: ../data/sounds/53.wav - ../data/sounds/187.wav
5.9887 	CRITICAL 	Completed trial 314 out of 334: ../data/sounds/187.wav - ../data/sounds/227.wav
5.9888 	CRITICAL 	Completed trial 315 out of 334: ../data/sounds/227.wav - ../data/sounds/283.wav
5.9888 	CRITICAL 	Completed trial 316 out of 334: ../data/sounds/283.wav - ../data/sounds/415.wav
5.9888 	CRITICAL 	Completed trial 317 out of 334: ../data/sounds/117.wav - ../data/sounds/198.wav
5.9888 	CRITICAL 	Completed trial 318 out of 334: ../data/sounds/198.wav - ../data/sounds/223.wav
5.9889 	CRITICAL 	Completed trial 319 out of 334: ../data/sounds/338.wav - ../data/sounds/377.wav
5.9889 	CRITICAL 	Completed trial 320 out of 334: ../data/sounds/366.wav - ../data/sounds/468.wav
5.9889 	CRITICAL 	Completed trial 321 out of 334: ../data/sounds/89.wav - ../data/sounds/154.wav
5.9890 	CRITICAL 	Completed trial 322 out of 334: ../data/sounds/241.wav - ../data/sounds/322.wav
5.9890 	CRITICAL 	Completed trial 323 out of 334: ../data/sounds/322.wav - ../data/sounds/392.wav
5.9890 	CRITICAL 	Completed trial 324 out of 334: ../data/sounds/392.wav - ../data/sounds/453.wav
5.9891 	CRITICAL 	Completed trial 325 out of 334: ../data/sounds/139.wav - ../data/sounds/146.wav
5.9891 	CRITICAL 	Completed trial 326 out of 334: ../data/sounds/146.wav - ../data/sounds/218.wav
5.9891 	CRITICAL 	Completed trial 327 out of 334: ../data/sounds/218.wav - ../data/sounds/342.wav
5.9892 	CRITICAL 	Completed trial 328 out of 334: ../data/sounds/342.wav - ../data/sounds/443.wav
5.9892 	CRITICAL 	Completed trial 329 out of 334: ../data/sounds/443.wav - ../data/sounds/461.wav
5.9893 	CRITICAL 	Completed trial 330 out of 334: ../data/sounds/113.wav - ../data/sounds/174.wav
5.9893 	CRITICAL 	Completed trial 331 out of 334: ../data/sounds/174.wav - ../data/sounds/257.wav
5.9893 	CRITICAL 	Completed trial 332 out of 334: ../data/sounds/257.wav - ../data/sounds/294.wav
5.9894 	CRITICAL 	Completed trial 333 out of 334: ../data/sounds/154.wav - ../data/sounds/241.wav
5.9894 	CRITICAL 	Completed trial 334 out of 334: ../data/sounds/223.wav - ../data/sounds/338.wav
5.9928 	CRITICAL 	Experiment is closing down
6.6327 	CRITICAL 	Already completed 25 of 359 total trials (334 left)
6.8061 	CRITICAL 	Created 334 trials
8.1223 	CRITICAL 	Completed trial 1 out of 334: ../data/sounds/210.wav - ../data/sounds/232.wav
8.1224 	CRITICAL 	Completed trial 2 out of 334: ../data/sounds/111.wav - ../data/sounds/305.wav
8.1224 	CRITICAL 	Completed trial 3 out of 334: ../data/sounds/136.wav - ../data/sounds/199.wav
8.1224 	CRITICAL 	Completed trial 4 out of 334: ../data/sounds/199.wav - ../data/sounds/368.wav
8.1224 	CRITICAL 	Completed trial 5 out of 334: ../data/sounds/368.wav - ../data/sounds/438.wav
8.1224 	CRITICAL 	Completed trial 6 out of 334: ../data/sounds/438.wav - ../data/sounds/489.wav
8.1225 	CRITICAL 	Completed trial 7 out of 334: ../data/sounds/460.wav - ../data/sounds/554.wav
8.1225 	CRITICAL 	Completed trial 8 out of 334: ../data/sounds/301.wav - ../data/sounds/361.wav
8.1225 	CRITICAL 	Completed trial 9 out of 334: ../data/sounds/361.wav - ../data/sounds/423.wav
8.1225 	CRITICAL 	Completed trial 10 out of 334: ../data/sounds/423.wav - ../data/sounds/460.wav
8.1225 	CRITICAL 	Completed trial 11 out of 334: ../data/sounds/87.wav - ../data/sounds/266.wav
8.1225 	CRITICAL 	Completed trial 12 out of 334: ../data/sounds/475.wav - ../data/sounds/538.wav
8.1226 	CRITICAL 	Completed trial 13 out of 334: ../data/sounds/172.wav - ../data/sounds/301.wav
8.1226 	CRITICAL 	Completed trial 14 out of 334: ../data/sounds/449.wav - ../data/sounds/475.wav
8.1226 	CRITICAL 	Completed trial 15 out of 334: ../data/sounds/215.wav - ../data/sounds/226.wav
8.1226 	CRITICAL 	Completed trial 16 out of 334: ../data/sounds/307.wav - ../data/sounds/348.wav
8.1226 	CRITICAL 	Completed trial 17 out of 334: ../data/sounds/429.wav - ../data/sounds/483.wav
8.1226 	CRITICAL 	Completed trial 18 out of 334: ../data/sounds/365.wav - ../data/sounds/429.wav
8.1226 	CRITICAL 	Completed trial 19 out of 334: ../data/sounds/178.wav - ../data/sounds/365.wav
8.1227 	CRITICAL 	Completed trial 20 out of 334: ../data/sounds/159.wav - ../data/sounds/178.wav
8.1227 	CRITICAL 	Completed trial 21 out of 334: ../data/sounds/72.wav - ../data/sounds/256.wav
8.1227 	CRITICAL 	Completed trial 22 out of 334: ../data/sounds/256.wav - ../data/sounds/358.wav
8.1227 	CRITICAL 	Completed trial 23 out of 334: ../data/sounds/358.wav - ../data/sounds/411.wav
8.1227 	CRITICAL 	Completed trial 24 out of 334: ../data/sounds/533.wav - ../data/sounds/566.wav
8.1227 	CRITICAL 	Completed trial 25 out of 334: ../data/sounds/87.wav - ../data/sounds/266.wav
8.1227 	CRITICAL 	Completed trial 26 out of 334: ../data/sounds/266.wav - ../data/sounds/388.wav
8.1228 	CRITICAL 	Completed trial 27 out of 334: ../data/sounds/388.wav - ../data/sounds/396.wav
8.1228 	CRITICAL 	Completed trial 28 out of 334: ../data/sounds/61.wav - ../data/sounds/263.wav
8.1228 	CRITICAL 	Completed trial 29 out of 334: ../data/sounds/348.wav - ../data/sounds/449.wav
8.1228 	CRITICAL 	Completed trial 30 out of 334: ../data/sounds/263.wav - ../data/sounds/324.wav
8.1228 	CRITICAL 	Completed trial 31 out of 334: ../data/sounds/464.wav - ../data/sounds/520.wav
8.1228 	CRITICAL 	Completed trial 32 out of 334: ../data/sounds/396.wav - ../data/sounds/464.wav
8.1229 	CRITICAL 	Completed trial 33 out of 334: ../data/sounds/62.wav - ../data/sounds/181.wav
8.1229 	CRITICAL 	Completed trial 34 out of 334: ../data/sounds/238.wav - ../data/sounds/302.wav
8.1229 	CRITICAL 	Completed trial 35 out of 334: ../data/sounds/185.wav - ../data/sounds/238.wav
8.1229 	CRITICAL 	Completed trial 36 out of 334: ../data/sounds/86.wav - ../data/sounds/185.wav
8.1229 	CRITICAL 	Completed trial 37 out of 334: ../data/sounds/486.wav - ../data/sounds/537.wav
8.1229 	CRITICAL 	Completed trial 38 out of 334: ../data/sounds/420.wav - ../data/sounds/486.wav
8.1230 	CRITICAL 	Completed trial 39 out of 334: ../data/sounds/335.wav - ../data/sounds/420.wav
8.1230 	CRITICAL 	Completed trial 40 out of 334: ../data/sounds/268.wav - ../data/sounds/335.wav
8.1230 	CRITICAL 	Completed trial 41 out of 334: ../data/sounds/217.wav - ../data/sounds/268.wav
8.1230 	CRITICAL 	Completed trial 42 out of 334: ../data/sounds/138.wav - ../data/sounds/217.wav
8.1230 	CRITICAL 	Completed trial 43 out of 334: ../data/sounds/382.wav - ../data/sounds/439.wav
8.1230 	CRITICAL 	Completed trial 44 out of 334: ../data/sounds/349.wav - ../data/sounds/382.wav
8.1231 	CRITICAL 	Completed trial 45 out of 334: ../data/sounds/229.wav - ../data/sounds/349.wav
8.1231 	CRITICAL 	Completed trial 46 out of 334: ../data/sounds/175.wav - ../data/sounds/229.wav
8.1231 	CRITICAL 	Completed trial 47 out of 334: ../data/sounds/59.wav - ../data/sounds/175.wav
8.1231 	CRITICAL 	Completed trial 48 out of 334: ../data/sounds/503.wav - ../data/sounds/522.wav
8.1231 	CRITICAL 	Completed trial 49 out of 334: ../data/sounds/367.wav - ../data/sounds/503.wav
8.1231 	CRITICAL 	Completed trial 50 out of 334: ../data/sounds/354.wav - ../data/sounds/367.wav
8.1231 	CRITICAL 	Completed trial 51 out of 334: ../data/sounds/254.wav - ../data/sounds/354.wav
8.1232 	CRITICAL 	Completed trial 52 out of 334: ../data/sounds/155.wav - ../data/sounds/254.wav
8.1232 	CRITICAL 	Completed trial 53 out of 334: ../data/sounds/100.wav - ../data/sounds/155.wav
8.1232 	CRITICAL 	Completed trial 54 out of 334: ../data/sounds/447.wav - ../data/sounds/519.wav
8.1232 	CRITICAL 	Completed trial 55 out of 334: ../data/sounds/302.wav - ../data/sounds/390.wav
8.1232 	CRITICAL 	Completed trial 56 out of 334: ../data/sounds/390.wav - ../data/sounds/444.wav
8.1232 	CRITICAL 	Completed trial 57 out of 334: ../data/sounds/444.wav - ../data/sounds/543.wav
8.1232 	CRITICAL 	Completed trial 58 out of 334: ../data/sounds/114.wav - ../data/sounds/189.wav
8.1233 	CRITICAL 	Completed trial 59 out of 334: ../data/sounds/211.wav - ../data/sounds/233.wav
8.1233 	CRITICAL 	Completed trial 60 out of 334: ../data/sounds/98.wav - ../data/sounds/211.wav
8.1233 	CRITICAL 	Completed trial 61 out of 334: ../data/sounds/287.wav - ../data/sounds/298.wav
8.1233 	CRITICAL 	Completed trial 62 out of 334: ../data/sounds/167.wav - ../data/sounds/287.wav
8.1233 	CRITICAL 	Completed trial 63 out of 334: ../data/sounds/54.wav - ../data/sounds/167.wav
8.1233 	CRITICAL 	Completed trial 64 out of 334: ../data/sounds/354.wav - ../data/sounds/367.wav
8.1233 	CRITICAL 	Completed trial 65 out of 334: ../data/sounds/254.wav - ../data/sounds/354.wav
8.1234 	CRITICAL 	Completed trial 66 out of 334: ../data/sounds/155.wav - ../data/sounds/254.wav
8.1234 	CRITICAL 	Completed trial 67 out of 334: ../data/sounds/100.wav - ../data/sounds/155.wav
8.1234 	CRITICAL 	Completed trial 68 out of 334: ../data/sounds/319.wav - ../data/sounds/385.wav
8.1234 	CRITICAL 	Completed trial 69 out of 334: ../data/sounds/407.wav - ../data/sounds/447.wav
8.1234 	CRITICAL 	Completed trial 70 out of 334: ../data/sounds/269.wav - ../data/sounds/319.wav
8.1234 	CRITICAL 	Completed trial 71 out of 334: ../data/sounds/140.wav - ../data/sounds/225.wav
8.1235 	CRITICAL 	Completed trial 72 out of 334: ../data/sounds/413.wav - ../data/sounds/433.wav
8.1235 	CRITICAL 	Completed trial 73 out of 334: ../data/sounds/356.wav - ../data/sounds/413.wav
8.1235 	CRITICAL 	Completed trial 74 out of 334: ../data/sounds/282.wav - ../data/sounds/356.wav
8.1235 	CRITICAL 	Completed trial 75 out of 334: ../data/sounds/176.wav - ../data/sounds/282.wav
8.1235 	CRITICAL 	Completed trial 76 out of 334: ../data/sounds/110.wav - ../data/sounds/176.wav
8.1235 	CRITICAL 	Completed trial 77 out of 334: ../data/sounds/417.wav - ../data/sounds/454.wav
8.1235 	CRITICAL 	Completed trial 78 out of 334: ../data/sounds/346.wav - ../data/sounds/417.wav
8.1236 	CRITICAL 	Completed trial 79 out of 334: ../data/sounds/260.wav - ../data/sounds/346.wav
8.1236 	CRITICAL 	Completed trial 80 out of 334: ../data/sounds/189.wav - ../data/sounds/260.wav
8.1236 	CRITICAL 	Completed trial 81 out of 334: ../data/sounds/225.wav - ../data/sounds/269.wav
8.1236 	CRITICAL 	Completed trial 82 out of 334: ../data/sounds/296.wav - ../data/sounds/407.wav
8.1236 	CRITICAL 	Completed trial 83 out of 334: ../data/sounds/439.wav - ../data/sounds/527.wav
8.1236 	CRITICAL 	Completed trial 84 out of 334: ../data/sounds/197.wav - ../data/sounds/271.wav
8.1237 	CRITICAL 	Completed trial 85 out of 334: ../data/sounds/196.wav - ../data/sounds/243.wav
8.1237 	CRITICAL 	Completed trial 86 out of 334: ../data/sounds/145.wav - ../data/sounds/196.wav
8.1237 	CRITICAL 	Completed trial 87 out of 334: ../data/sounds/510.wav - ../data/sounds/560.wav
8.1237 	CRITICAL 	Completed trial 88 out of 334: ../data/sounds/472.wav - ../data/sounds/510.wav
8.1237 	CRITICAL 	Completed trial 89 out of 334: ../data/sounds/370.wav - ../data/sounds/472.wav
8.1237 	CRITICAL 	Completed trial 90 out of 334: ../data/sounds/304.wav - ../data/sounds/370.wav
8.1238 	CRITICAL 	Completed trial 91 out of 334: ../data/sounds/292.wav - ../data/sounds/304.wav
8.1238 	CRITICAL 	Completed trial 92 out of 334: ../data/sounds/222.wav - ../data/sounds/292.wav
8.1238 	CRITICAL 	Completed trial 93 out of 334: ../data/sounds/135.wav - ../data/sounds/222.wav
8.1238 	CRITICAL 	Completed trial 94 out of 334: ../data/sounds/535.wav - ../data/sounds/559.wav
8.1238 	CRITICAL 	Completed trial 95 out of 334: ../data/sounds/243.wav - ../data/sounds/328.wav
8.1238 	CRITICAL 	Completed trial 96 out of 334: ../data/sounds/424.wav - ../data/sounds/535.wav
8.1239 	CRITICAL 	Completed trial 97 out of 334: ../data/sounds/271.wav - ../data/sounds/296.wav
8.1239 	CRITICAL 	Completed trial 98 out of 334: ../data/sounds/280.wav - ../data/sounds/316.wav
8.1239 	CRITICAL 	Completed trial 99 out of 334: ../data/sounds/206.wav - ../data/sounds/280.wav
8.1239 	CRITICAL 	Completed trial 100 out of 334: ../data/sounds/204.wav - ../data/sounds/206.wav
8.1239 	CRITICAL 	Completed trial 101 out of 334: ../data/sounds/507.wav - ../data/sounds/552.wav
8.1239 	CRITICAL 	Completed trial 102 out of 334: ../data/sounds/458.wav - ../data/sounds/507.wav
8.1240 	CRITICAL 	Completed trial 103 out of 334: ../data/sounds/394.wav - ../data/sounds/458.wav
8.1240 	CRITICAL 	Completed trial 104 out of 334: ../data/sounds/308.wav - ../data/sounds/394.wav
8.1240 	CRITICAL 	Completed trial 105 out of 334: ../data/sounds/250.wav - ../data/sounds/308.wav
8.1240 	CRITICAL 	Completed trial 106 out of 334: ../data/sounds/181.wav - ../data/sounds/250.wav
8.1240 	CRITICAL 	Completed trial 107 out of 334: ../data/sounds/376.wav - ../data/sounds/424.wav
8.1240 	CRITICAL 	Completed trial 108 out of 334: ../data/sounds/328.wav - ../data/sounds/373.wav
8.1240 	CRITICAL 	Completed trial 109 out of 334: ../data/sounds/316.wav - ../data/sounds/376.wav
8.1241 	CRITICAL 	Completed trial 110 out of 334: ../data/sounds/450.wav - ../data/sounds/530.wav
8.1241 	CRITICAL 	Completed trial 111 out of 334: ../data/sounds/373.wav - ../data/sounds/450.wav
8.1241 	CRITICAL 	Completed trial 112 out of 334: ../data/sounds/71.wav - ../data/sounds/197.wav
8.1241 	CRITICAL 	Completed trial 113 out of 334: ../data/sounds/91.wav - ../data/sounds/163.wav
8.1241 	CRITICAL 	Completed trial 114 out of 334: ../data/sounds/482.wav - ../data/sounds/500.wav
8.1241 	CRITICAL 	Completed trial 115 out of 334: ../data/sounds/408.wav - ../data/sounds/482.wav
8.1242 	CRITICAL 	Completed trial 116 out of 334: ../data/sounds/269.wav - ../data/sounds/320.wav
8.1242 	CRITICAL 	Completed trial 117 out of 334: ../data/sounds/225.wav - ../data/sounds/269.wav
8.1242 	CRITICAL 	Completed trial 118 out of 334: ../data/sounds/140.wav - ../data/sounds/225.wav
8.1242 	CRITICAL 	Completed trial 119 out of 334: ../data/sounds/481.wav - ../data/sounds/495.wav
8.1242 	CRITICAL 	Completed trial 120 out of 334: ../data/sounds/436.wav - ../data/sounds/481.wav
8.1242 	CRITICAL 	Completed trial 121 out of 334: ../data/sounds/298.wav - ../data/sounds/436.wav
8.1243 	CRITICAL 	Completed trial 122 out of 334: ../data/sounds/320.wav - ../data/sounds/408.wav
8.1243 	CRITICAL 	Completed trial 123 out of 334: ../data/sounds/167.wav - ../data/sounds/287.wav
8.1243 	CRITICAL 	Completed trial 124 out of 334: ../data/sounds/54.wav - ../data/sounds/167.wav
8.1243 	CRITICAL 	Completed trial 125 out of 334: ../data/sounds/467.wav - ../data/sounds/490.wav
8.1243 	CRITICAL 	Completed trial 126 out of 334: ../data/sounds/398.wav - ../data/sounds/467.wav
8.1243 	CRITICAL 	Completed trial 127 out of 334: ../data/sounds/339.wav - ../data/sounds/398.wav
8.1244 	CRITICAL 	Completed trial 128 out of 334: ../data/sounds/248.wav - ../data/sounds/339.wav
8.1244 	CRITICAL 	Completed trial 129 out of 334: ../data/sounds/216.wav - ../data/sounds/248.wav
8.1244 	CRITICAL 	Completed trial 130 out of 334: ../data/sounds/51.wav - ../data/sounds/216.wav
8.1244 	CRITICAL 	Completed trial 131 out of 334: ../data/sounds/287.wav - ../data/sounds/298.wav
8.1244 	CRITICAL 	Completed trial 132 out of 334: ../data/sounds/530.wav - ../data/sounds/567.wav
8.1245 	CRITICAL 	Completed trial 133 out of 334: ../data/sounds/246.wav - ../data/sounds/343.wav
8.1245 	CRITICAL 	Completed trial 134 out of 334: ../data/sounds/291.wav - ../data/sounds/403.wav
8.1245 	CRITICAL 	Completed trial 135 out of 334: ../data/sounds/179.wav - ../data/sounds/291.wav
8.1245 	CRITICAL 	Completed trial 136 out of 334: ../data/sounds/88.wav - ../data/sounds/179.wav
8.1245 	CRITICAL 	Completed trial 137 out of 334: ../data/sounds/295.wav - ../data/sounds/375.wav
8.1245 	CRITICAL 	Completed trial 138 out of 334: ../data/sounds/173.wav - ../data/sounds/295.wav
8.1246 	CRITICAL 	Completed trial 139 out of 334: ../data/sounds/112.wav - ../data/sounds/173.wav
8.1246 	CRITICAL 	Completed trial 140 out of 334: ../data/sounds/372.wav - ../data/sounds/448.wav
8.1246 	CRITICAL 	Completed trial 141 out of 334: ../data/sounds/214.wav - ../data/sounds/246.wav
8.1246 	CRITICAL 	Completed trial 142 out of 334: ../data/sounds/246.wav - ../data/sounds/340.wav
8.1246 	CRITICAL 	Completed trial 143 out of 334: ../data/sounds/340.wav - ../data/sounds/363.wav
8.1246 	CRITICAL 	Completed trial 144 out of 334: ../data/sounds/363.wav - ../data/sounds/501.wav
8.1246 	CRITICAL 	Completed trial 145 out of 334: ../data/sounds/501.wav - ../data/sounds/506.wav
8.1247 	CRITICAL 	Completed trial 146 out of 334: ../data/sounds/50.wav - ../data/sounds/165.wav
8.1247 	CRITICAL 	Completed trial 147 out of 334: ../data/sounds/165.wav - ../data/sounds/327.wav
8.1247 	CRITICAL 	Completed trial 148 out of 334: ../data/sounds/327.wav - ../data/sounds/441.wav
8.1247 	CRITICAL 	Completed trial 149 out of 334: ../data/sounds/441.wav - ../data/sounds/465.wav
8.1247 	CRITICAL 	Completed trial 150 out of 334: ../data/sounds/465.wav - ../data/sounds/511.wav
8.1247 	CRITICAL 	Completed trial 151 out of 334: ../data/sounds/153.wav - ../data/sounds/161.wav
8.1248 	CRITICAL 	Completed trial 152 out of 334: ../data/sounds/403.wav - ../data/sounds/455.wav
8.1248 	CRITICAL 	Completed trial 153 out of 334: ../data/sounds/95.wav - ../data/sounds/228.wav
8.1248 	CRITICAL 	Completed trial 154 out of 334: ../data/sounds/228.wav - ../data/sounds/272.wav
8.1248 	CRITICAL 	Completed trial 155 out of 334: ../data/sounds/272.wav - ../data/sounds/347.wav
8.1248 	CRITICAL 	Completed trial 156 out of 334: ../data/sounds/165.wav - ../data/sounds/327.wav
8.1248 	CRITICAL 	Completed trial 157 out of 334: ../data/sounds/50.wav - ../data/sounds/165.wav
8.1249 	CRITICAL 	Completed trial 158 out of 334: ../data/sounds/364.wav - ../data/sounds/555.wav
8.1251 	CRITICAL 	Completed trial 159 out of 334: ../data/sounds/315.wav - ../data/sounds/364.wav
8.1251 	CRITICAL 	Completed trial 160 out of 334: ../data/sounds/231.wav - ../data/sounds/315.wav
8.1251 	CRITICAL 	Completed trial 161 out of 334: ../data/sounds/137.wav - ../data/sounds/231.wav
8.1251 	CRITICAL 	Completed trial 162 out of 334: ../data/sounds/397.wav - ../data/sounds/497.wav
8.1252 	CRITICAL 	Completed trial 163 out of 334: ../data/sounds/289.wav - ../data/sounds/397.wav
8.1252 	CRITICAL 	Completed trial 164 out of 334: ../data/sounds/161.wav - ../data/sounds/300.wav
8.1252 	CRITICAL 	Completed trial 165 out of 334: ../data/sounds/267.wav - ../data/sounds/289.wav
8.1252 	CRITICAL 	Completed trial 166 out of 334: ../data/sounds/279.wav - ../data/sounds/414.wav
8.1252 	CRITICAL 	Completed trial 167 out of 334: ../data/sounds/258.wav - ../data/sounds/279.wav
8.1252 	CRITICAL 	Completed trial 168 out of 334: ../data/sounds/64.wav - ../data/sounds/258.wav
8.1253 	CRITICAL 	Completed trial 169 out of 334: ../data/sounds/359.wav - ../data/sounds/479.wav
8.1253 	CRITICAL 	Completed trial 170 out of 334: ../data/sounds/274.wav - ../data/sounds/359.wav
8.1253 	CRITICAL 	Completed trial 171 out of 334: ../data/sounds/234.wav - ../data/sounds/274.wav
8.1254 	CRITICAL 	Completed trial 172 out of 334: ../data/sounds/73.wav - ../data/sounds/234.wav
8.1254 	CRITICAL 	Completed trial 173 out of 334: ../data/sounds/347.wav - ../data/sounds/466.wav
8.1254 	CRITICAL 	Completed trial 174 out of 334: ../data/sounds/240.wav - ../data/sounds/267.wav
8.1254 	CRITICAL 	Completed trial 175 out of 334: ../data/sounds/300.wav - ../data/sounds/386.wav
8.1254 	CRITICAL 	Completed trial 176 out of 334: ../data/sounds/386.wav - ../data/sounds/492.wav
8.1254 	CRITICAL 	Completed trial 177 out of 334: ../data/sounds/492.wav - ../data/sounds/515.wav
8.1255 	CRITICAL 	Completed trial 178 out of 334: ../data/sounds/485.wav - ../data/sounds/563.wav
8.1255 	CRITICAL 	Completed trial 179 out of 334: ../data/sounds/224.wav - ../data/sounds/249.wav
8.1255 	CRITICAL 	Completed trial 180 out of 334: ../data/sounds/249.wav - ../data/sounds/303.wav
8.1255 	CRITICAL 	Completed trial 181 out of 334: ../data/sounds/303.wav - ../data/sounds/353.wav
8.1255 	CRITICAL 	Completed trial 182 out of 334: ../data/sounds/353.wav - ../data/sounds/459.wav
8.1255 	CRITICAL 	Completed trial 183 out of 334: ../data/sounds/459.wav - ../data/sounds/564.wav
8.1256 	CRITICAL 	Completed trial 184 out of 334: ../data/sounds/209.wav - ../data/sounds/253.wav
8.1256 	CRITICAL 	Completed trial 185 out of 334: ../data/sounds/253.wav - ../data/sounds/326.wav
8.1256 	CRITICAL 	Completed trial 186 out of 334: ../data/sounds/115.wav - ../data/sounds/264.wav
8.1256 	CRITICAL 	Completed trial 187 out of 334: ../data/sounds/264.wav - ../data/sounds/310.wav
8.1256 	CRITICAL 	Completed trial 188 out of 334: ../data/sounds/310.wav - ../data/sounds/369.wav
8.1256 	CRITICAL 	Completed trial 189 out of 334: ../data/sounds/369.wav - ../data/sounds/421.wav
8.1256 	CRITICAL 	Completed trial 190 out of 334: ../data/sounds/214.wav - ../data/sounds/246.wav
8.1257 	CRITICAL 	Completed trial 191 out of 334: ../data/sounds/246.wav - ../data/sounds/340.wav
8.1257 	CRITICAL 	Completed trial 192 out of 334: ../data/sounds/340.wav - ../data/sounds/363.wav
8.1257 	CRITICAL 	Completed trial 193 out of 334: ../data/sounds/52.wav - ../data/sounds/183.wav
8.1257 	CRITICAL 	Completed trial 194 out of 334: ../data/sounds/183.wav - ../data/sounds/337.wav
8.1257 	CRITICAL 	Completed trial 195 out of 334: ../data/sounds/337.wav - ../data/sounds/410.wav
8.1257 	CRITICAL 	Completed trial 196 out of 334: ../data/sounds/214.wav - ../data/sounds/246.wav
8.1257 	CRITICAL 	Completed trial 197 out of 334: ../data/sounds/351.wav - ../data/sounds/485.wav
8.1258 	CRITICAL 	Completed trial 198 out of 334: ../data/sounds/343.wav - ../data/sounds/372.wav
8.1258 	CRITICAL 	Completed trial 199 out of 334: ../data/sounds/285.wav - ../data/sounds/351.wav
8.1258 	CRITICAL 	Completed trial 200 out of 334: ../data/sounds/58.wav - ../data/sounds/200.wav
8.1258 	CRITICAL 	Completed trial 201 out of 334: ../data/sounds/137.wav - ../data/sounds/231.wav
8.1258 	CRITICAL 	Completed trial 202 out of 334: ../data/sounds/231.wav - ../data/sounds/315.wav
8.1258 	CRITICAL 	Completed trial 203 out of 334: ../data/sounds/315.wav - ../data/sounds/364.wav
8.1259 	CRITICAL 	Completed trial 204 out of 334: ../data/sounds/52.wav - ../data/sounds/183.wav
8.1259 	CRITICAL 	Completed trial 205 out of 334: ../data/sounds/183.wav - ../data/sounds/337.wav
8.1259 	CRITICAL 	Completed trial 206 out of 334: ../data/sounds/337.wav - ../data/sounds/410.wav
8.1259 	CRITICAL 	Completed trial 207 out of 334: ../data/sounds/410.wav - ../data/sounds/442.wav
8.1259 	CRITICAL 	Completed trial 208 out of 334: ../data/sounds/112.wav - ../data/sounds/173.wav
8.1259 	CRITICAL 	Completed trial 209 out of 334: ../data/sounds/173.wav - ../data/sounds/295.wav
8.1259 	CRITICAL 	Completed trial 210 out of 334: ../data/sounds/295.wav - ../data/sounds/375.wav
8.1260 	CRITICAL 	Completed trial 211 out of 334: ../data/sounds/375.wav - ../data/sounds/504.wav
8.1260 	CRITICAL 	Completed trial 212 out of 334: ../data/sounds/504.wav - ../data/sounds/531.wav
8.1260 	CRITICAL 	Completed trial 213 out of 334: ../data/sounds/92.wav - ../data/sounds/184.wav
8.1260 	CRITICAL 	Completed trial 214 out of 334: ../data/sounds/184.wav - ../data/sounds/312.wav
8.1260 	CRITICAL 	Completed trial 215 out of 334: ../data/sounds/312.wav - ../data/sounds/381.wav
8.1260 	CRITICAL 	Completed trial 216 out of 334: ../data/sounds/381.wav - ../data/sounds/476.wav
8.1260 	CRITICAL 	Completed trial 217 out of 334: ../data/sounds/476.wav - ../data/sounds/534.wav
8.1261 	CRITICAL 	Completed trial 218 out of 334: ../data/sounds/220.wav - ../data/sounds/536.wav
8.1261 	CRITICAL 	Completed trial 219 out of 334: ../data/sounds/536.wav - ../data/sounds/541.wav
8.1261 	CRITICAL 	Completed trial 220 out of 334: ../data/sounds/200.wav - ../data/sounds/285.wav
8.1261 	CRITICAL 	Completed trial 221 out of 334: ../data/sounds/414.wav - ../data/sounds/487.wav
8.1261 	CRITICAL 	Completed trial 222 out of 334: ../data/sounds/214.wav - ../data/sounds/246.wav
8.1261 	CRITICAL 	Completed trial 223 out of 334: ../data/sounds/95.wav - ../data/sounds/228.wav
8.1262 	CRITICAL 	Completed trial 224 out of 334: ../data/sounds/182.wav - ../data/sounds/275.wav
8.1262 	CRITICAL 	Completed trial 225 out of 334: ../data/sounds/494.wav - ../data/sounds/525.wav
8.1262 	CRITICAL 	Completed trial 226 out of 334: ../data/sounds/65.wav - ../data/sounds/207.wav
8.1262 	CRITICAL 	Completed trial 227 out of 334: ../data/sounds/207.wav - ../data/sounds/247.wav
8.1262 	CRITICAL 	Completed trial 228 out of 334: ../data/sounds/247.wav - ../data/sounds/330.wav
8.1262 	CRITICAL 	Completed trial 229 out of 334: ../data/sounds/330.wav - ../data/sounds/409.wav
8.1263 	CRITICAL 	Completed trial 230 out of 334: ../data/sounds/409.wav - ../data/sounds/484.wav
8.1263 	CRITICAL 	Completed trial 231 out of 334: ../data/sounds/484.wav - ../data/sounds/528.wav
8.1263 	CRITICAL 	Completed trial 232 out of 334: ../data/sounds/94.wav - ../data/sounds/162.wav
8.1263 	CRITICAL 	Completed trial 233 out of 334: ../data/sounds/162.wav - ../data/sounds/255.wav
8.1263 	CRITICAL 	Completed trial 234 out of 334: ../data/sounds/255.wav - ../data/sounds/288.wav
8.1263 	CRITICAL 	Completed trial 235 out of 334: ../data/sounds/288.wav - ../data/sounds/360.wav
8.1264 	CRITICAL 	Completed trial 236 out of 334: ../data/sounds/360.wav - ../data/sounds/505.wav
8.1264 	CRITICAL 	Completed trial 237 out of 334: ../data/sounds/505.wav - ../data/sounds/532.wav
8.1264 	CRITICAL 	Completed trial 238 out of 334: ../data/sounds/132.wav - ../data/sounds/202.wav
8.1264 	CRITICAL 	Completed trial 239 out of 334: ../data/sounds/202.wav - ../data/sounds/212.wav
8.1264 	CRITICAL 	Completed trial 240 out of 334: ../data/sounds/212.wav - ../data/sounds/313.wav
8.1264 	CRITICAL 	Completed trial 241 out of 334: ../data/sounds/313.wav - ../data/sounds/391.wav
8.1265 	CRITICAL 	Completed trial 242 out of 334: ../data/sounds/391.wav - ../data/sounds/435.wav
8.1265 	CRITICAL 	Completed trial 243 out of 334: ../data/sounds/435.wav - ../data/sounds/557.wav
8.1265 	CRITICAL 	Completed trial 244 out of 334: ../data/sounds/118.wav - ../data/sounds/158.wav
8.1265 	CRITICAL 	Completed trial 245 out of 334: ../data/sounds/158.wav - ../data/sounds/244.wav
8.1265 	CRITICAL 	Completed trial 246 out of 334: ../data/sounds/244.wav - ../data/sounds/350.wav
8.1265 	CRITICAL 	Completed trial 247 out of 334: ../data/sounds/350.wav - ../data/sounds/374.wav
8.1265 	CRITICAL 	Completed trial 248 out of 334: ../data/sounds/440.wav - ../data/sounds/494.wav
8.1266 	CRITICAL 	Completed trial 249 out of 334: ../data/sounds/345.wav - ../data/sounds/440.wav
8.1266 	CRITICAL 	Completed trial 250 out of 334: ../data/sounds/275.wav - ../data/sounds/345.wav
8.1266 	CRITICAL 	Completed trial 251 out of 334: ../data/sounds/182.wav - ../data/sounds/275.wav
8.1266 	CRITICAL 	Completed trial 252 out of 334: ../data/sounds/70.wav - ../data/sounds/166.wav
8.1266 	CRITICAL 	Completed trial 253 out of 334: ../data/sounds/166.wav - ../data/sounds/273.wav
8.1266 	CRITICAL 	Completed trial 254 out of 334: ../data/sounds/273.wav - ../data/sounds/306.wav
8.1267 	CRITICAL 	Completed trial 255 out of 334: ../data/sounds/306.wav - ../data/sounds/422.wav
8.1267 	CRITICAL 	Completed trial 256 out of 334: ../data/sounds/422.wav - ../data/sounds/462.wav
8.1267 	CRITICAL 	Completed trial 257 out of 334: ../data/sounds/462.wav - ../data/sounds/499.wav
8.1267 	CRITICAL 	Completed trial 258 out of 334: ../data/sounds/60.wav - ../data/sounds/191.wav
8.1267 	CRITICAL 	Completed trial 259 out of 334: ../data/sounds/191.wav - ../data/sounds/237.wav
8.1267 	CRITICAL 	Completed trial 260 out of 334: ../data/sounds/237.wav - ../data/sounds/299.wav
8.1267 	CRITICAL 	Completed trial 261 out of 334: ../data/sounds/299.wav - ../data/sounds/357.wav
8.1268 	CRITICAL 	Completed trial 262 out of 334: ../data/sounds/357.wav - ../data/sounds/456.wav
8.1268 	CRITICAL 	Completed trial 263 out of 334: ../data/sounds/456.wav - ../data/sounds/512.wav
8.1268 	CRITICAL 	Completed trial 264 out of 334: ../data/sounds/55.wav - ../data/sounds/203.wav
8.1268 	CRITICAL 	Completed trial 265 out of 334: ../data/sounds/203.wav - ../data/sounds/213.wav
8.1268 	CRITICAL 	Completed trial 266 out of 334: ../data/sounds/213.wav - ../data/sounds/318.wav
8.1268 	CRITICAL 	Completed trial 267 out of 334: ../data/sounds/318.wav - ../data/sounds/371.wav
8.1269 	CRITICAL 	Completed trial 268 out of 334: ../data/sounds/371.wav - ../data/sounds/508.wav
8.1269 	CRITICAL 	Completed trial 269 out of 334: ../data/sounds/508.wav - ../data/sounds/517.wav
8.1269 	CRITICAL 	Completed trial 270 out of 334: ../data/sounds/103.wav - ../data/sounds/182.wav
8.1269 	CRITICAL 	Completed trial 271 out of 334: ../data/sounds/182.wav - ../data/sounds/276.wav
8.1269 	CRITICAL 	Completed trial 272 out of 334: ../data/sounds/276.wav - ../data/sounds/352.wav
8.1269 	CRITICAL 	Completed trial 273 out of 334: ../data/sounds/352.wav - ../data/sounds/418.wav
8.1270 	CRITICAL 	Completed trial 274 out of 334: ../data/sounds/418.wav - ../data/sounds/477.wav
8.1270 	CRITICAL 	Completed trial 275 out of 334: ../data/sounds/477.wav - ../data/sounds/521.wav
8.1270 	CRITICAL 	Completed trial 276 out of 334: ../data/sounds/103.wav - ../data/sounds/182.wav
8.1270 	CRITICAL 	Completed trial 277 out of 334: ../data/sounds/374.wav - ../data/sounds/430.wav
8.1271 	CRITICAL 	Completed trial 278 out of 334: ../data/sounds/430.wav - ../data/sounds/561.wav
8.1271 	CRITICAL 	Completed trial 279 out of 334: ../data/sounds/90.wav - ../data/sounds/193.wav
8.1271 	CRITICAL 	Completed trial 280 out of 334: ../data/sounds/193.wav - ../data/sounds/265.wav
8.1272 	CRITICAL 	Completed trial 281 out of 334: ../data/sounds/236.wav - ../data/sounds/325.wav
8.1272 	CRITICAL 	Completed trial 282 out of 334: ../data/sounds/325.wav - ../data/sounds/380.wav
8.1272 	CRITICAL 	Completed trial 283 out of 334: ../data/sounds/380.wav - ../data/sounds/473.wav
8.1272 	CRITICAL 	Completed trial 284 out of 334: ../data/sounds/55.wav - ../data/sounds/203.wav
8.1272 	CRITICAL 	Completed trial 285 out of 334: ../data/sounds/203.wav - ../data/sounds/213.wav
8.1272 	CRITICAL 	Completed trial 286 out of 334: ../data/sounds/213.wav - ../data/sounds/318.wav
8.1273 	CRITICAL 	Completed trial 287 out of 334: ../data/sounds/318.wav - ../data/sounds/371.wav
8.1273 	CRITICAL 	Completed trial 288 out of 334: ../data/sounds/94.wav - ../data/sounds/162.wav
8.1273 	CRITICAL 	Completed trial 289 out of 334: ../data/sounds/162.wav - ../data/sounds/255.wav
8.1273 	CRITICAL 	Completed trial 290 out of 334: ../data/sounds/255.wav - ../data/sounds/288.wav
8.1273 	CRITICAL 	Completed trial 291 out of 334: ../data/sounds/288.wav - ../data/sounds/360.wav
8.1273 	CRITICAL 	Completed trial 292 out of 334: ../data/sounds/177.wav - ../data/sounds/236.wav
8.1274 	CRITICAL 	Completed trial 293 out of 334: ../data/sounds/113.wav - ../data/sounds/539.wav
8.1274 	CRITICAL 	Completed trial 294 out of 334: ../data/sounds/103.wav - ../data/sounds/182.wav
8.1274 	CRITICAL 	Completed trial 295 out of 334: ../data/sounds/182.wav - ../data/sounds/275.wav
8.1274 	CRITICAL 	Completed trial 296 out of 334: ../data/sounds/275.wav - ../data/sounds/345.wav
8.1274 	CRITICAL 	Completed trial 297 out of 334: ../data/sounds/139.wav - ../data/sounds/146.wav
8.1274 	CRITICAL 	Completed trial 298 out of 334: ../data/sounds/146.wav - ../data/sounds/218.wav
8.1275 	CRITICAL 	Completed trial 299 out of 334: ../data/sounds/218.wav - ../data/sounds/342.wav
8.1275 	CRITICAL 	Completed trial 300 out of 334: ../data/sounds/105.wav - ../data/sounds/150.wav
8.1275 	CRITICAL 	Completed trial 301 out of 334: ../data/sounds/150.wav - ../data/sounds/262.wav
8.1275 	CRITICAL 	Completed trial 302 out of 334: ../data/sounds/262.wav - ../data/sounds/332.wav
8.1275 	CRITICAL 	Completed trial 303 out of 334: ../data/sounds/332.wav - ../data/sounds/412.wav
8.1275 	CRITICAL 	Completed trial 304 out of 334: ../data/sounds/103.wav - ../data/sounds/182.wav
8.1276 	CRITICAL 	Completed trial 305 out of 334: ../data/sounds/539.wav - ../data/sounds/540.wav
8.1276 	CRITICAL 	Completed trial 306 out of 334: ../data/sounds/90.wav - ../data/sounds/193.wav
8.1276 	CRITICAL 	Completed trial 307 out of 334: ../data/sounds/141.wav - ../data/sounds/177.wav
8.1276 	CRITICAL 	Completed trial 308 out of 334: ../data/sounds/294.wav - ../data/sounds/366.wav
8.1276 	CRITICAL 	Completed trial 309 out of 334: ../data/sounds/265.wav - ../data/sounds/290.wav
8.1276 	CRITICAL 	Completed trial 310 out of 334: ../data/sounds/290.wav - ../data/sounds/387.wav
8.1277 	CRITICAL 	Completed trial 311 out of 334: ../data/sounds/387.wav - ../data/sounds/488.wav
8.1277 	CRITICAL 	Completed trial 312 out of 334: ../data/sounds/488.wav - ../data/sounds/565.wav
8.1277 	CRITICAL 	Completed trial 313 out of 334: ../data/sounds/53.wav - ../data/sounds/187.wav
8.1277 	CRITICAL 	Completed trial 314 out of 334: ../data/sounds/187.wav - ../data/sounds/227.wav
8.1277 	CRITICAL 	Completed trial 315 out of 334: ../data/sounds/227.wav - ../data/sounds/283.wav
8.1277 	CRITICAL 	Completed trial 316 out of 334: ../data/sounds/283.wav - ../data/sounds/415.wav
8.1278 	CRITICAL 	Completed trial 317 out of 334: ../data/sounds/117.wav - ../data/sounds/198.wav
8.1278 	CRITICAL 	Completed trial 318 out of 334: ../data/sounds/198.wav - ../data/sounds/223.wav
8.1278 	CRITICAL 	Completed trial 319 out of 334: ../data/sounds/338.wav - ../data/sounds/377.wav
8.1278 	CRITICAL 	Completed trial 320 out of 334: ../data/sounds/366.wav - ../data/sounds/468.wav
8.1278 	CRITICAL 	Completed trial 321 out of 334: ../data/sounds/89.wav - ../data/sounds/154.wav
8.1278 	CRITICAL 	Completed trial 322 out of 334: ../data/sounds/241.wav - ../data/sounds/322.wav
8.1278 	CRITICAL 	Completed trial 323 out of 334: ../data/sounds/322.wav - ../data/sounds/392.wav
8.1279 	CRITICAL 	Completed trial 324 out of 334: ../data/sounds/392.wav - ../data/sounds/453.wav
8.1279 	CRITICAL 	Completed trial 325 out of 334: ../data/sounds/139.wav - ../data/sounds/146.wav
8.1279 	CRITICAL 	Completed trial 326 out of 334: ../data/sounds/146.wav - ../data/sounds/218.wav
8.1279 	CRITICAL 	Completed trial 327 out of 334: ../data/sounds/218.wav - ../data/sounds/342.wav
8.1279 	CRITICAL 	Completed trial 328 out of 334: ../data/sounds/342.wav - ../data/sounds/443.wav
8.1279 	CRITICAL 	Completed trial 329 out of 334: ../data/sounds/443.wav - ../data/sounds/461.wav
8.1280 	CRITICAL 	Completed trial 330 out of 334: ../data/sounds/113.wav - ../data/sounds/174.wav
8.1280 	CRITICAL 	Completed trial 331 out of 334: ../data/sounds/174.wav - ../data/sounds/257.wav
8.1280 	CRITICAL 	Completed trial 332 out of 334: ../data/sounds/257.wav - ../data/sounds/294.wav
8.1280 	CRITICAL 	Completed trial 333 out of 334: ../data/sounds/154.wav - ../data/sounds/241.wav
8.1280 	CRITICAL 	Completed trial 334 out of 334: ../data/sounds/223.wav - ../data/sounds/338.wav
8.2296 	CRITICAL 	Experiment is closing down
8.1741 	CRITICAL 	Already completed 25 of 359 total trials (334 left)
8.4442 	CRITICAL 	Created 334 trials
8.4760 	CRITICAL 	Completed trial 1 out of 334: ../data/sounds/396.wav - ../data/sounds/464.wav
8.4761 	CRITICAL 	Completed trial 2 out of 334: ../data/sounds/178.wav - ../data/sounds/365.wav
8.4761 	CRITICAL 	Completed trial 3 out of 334: ../data/sounds/159.wav - ../data/sounds/178.wav
8.4762 	CRITICAL 	Completed trial 4 out of 334: ../data/sounds/464.wav - ../data/sounds/520.wav
8.4762 	CRITICAL 	Completed trial 5 out of 334: ../data/sounds/388.wav - ../data/sounds/396.wav
8.4762 	CRITICAL 	Completed trial 6 out of 334: ../data/sounds/256.wav - ../data/sounds/358.wav
8.4763 	CRITICAL 	Completed trial 7 out of 334: ../data/sounds/87.wav - ../data/sounds/266.wav
8.4763 	CRITICAL 	Completed trial 8 out of 334: ../data/sounds/215.wav - ../data/sounds/226.wav
8.4763 	CRITICAL 	Completed trial 9 out of 334: ../data/sounds/533.wav - ../data/sounds/566.wav
8.4764 	CRITICAL 	Completed trial 10 out of 334: ../data/sounds/358.wav - ../data/sounds/411.wav
8.4764 	CRITICAL 	Completed trial 11 out of 334: ../data/sounds/365.wav - ../data/sounds/429.wav
8.4764 	CRITICAL 	Completed trial 12 out of 334: ../data/sounds/72.wav - ../data/sounds/256.wav
8.4765 	CRITICAL 	Completed trial 13 out of 334: ../data/sounds/266.wav - ../data/sounds/388.wav
8.4766 	CRITICAL 	Completed trial 14 out of 334: ../data/sounds/429.wav - ../data/sounds/483.wav
8.4766 	CRITICAL 	Completed trial 15 out of 334: ../data/sounds/199.wav - ../data/sounds/368.wav
8.4767 	CRITICAL 	Completed trial 16 out of 334: ../data/sounds/348.wav - ../data/sounds/449.wav
8.4768 	CRITICAL 	Completed trial 17 out of 334: ../data/sounds/263.wav - ../data/sounds/324.wav
8.4827 	CRITICAL 	Completed trial 18 out of 334: ../data/sounds/61.wav - ../data/sounds/263.wav
8.4828 	CRITICAL 	Completed trial 19 out of 334: ../data/sounds/210.wav - ../data/sounds/232.wav
8.4828 	CRITICAL 	Completed trial 20 out of 334: ../data/sounds/460.wav - ../data/sounds/554.wav
8.4828 	CRITICAL 	Completed trial 21 out of 334: ../data/sounds/423.wav - ../data/sounds/460.wav
8.4828 	CRITICAL 	Completed trial 22 out of 334: ../data/sounds/361.wav - ../data/sounds/423.wav
8.4828 	CRITICAL 	Completed trial 23 out of 334: ../data/sounds/307.wav - ../data/sounds/348.wav
8.4828 	CRITICAL 	Completed trial 24 out of 334: ../data/sounds/301.wav - ../data/sounds/361.wav
8.4829 	CRITICAL 	Completed trial 25 out of 334: ../data/sounds/438.wav - ../data/sounds/489.wav
8.4829 	CRITICAL 	Completed trial 26 out of 334: ../data/sounds/368.wav - ../data/sounds/438.wav
8.4829 	CRITICAL 	Completed trial 27 out of 334: ../data/sounds/136.wav - ../data/sounds/199.wav
8.4829 	CRITICAL 	Completed trial 28 out of 334: ../data/sounds/111.wav - ../data/sounds/305.wav
8.4829 	CRITICAL 	Completed trial 29 out of 334: ../data/sounds/475.wav - ../data/sounds/538.wav
8.4829 	CRITICAL 	Completed trial 30 out of 334: ../data/sounds/449.wav - ../data/sounds/475.wav
8.4829 	CRITICAL 	Completed trial 31 out of 334: ../data/sounds/172.wav - ../data/sounds/301.wav
8.4829 	CRITICAL 	Completed trial 32 out of 334: ../data/sounds/87.wav - ../data/sounds/266.wav
8.4830 	CRITICAL 	Completed trial 33 out of 334: ../data/sounds/62.wav - ../data/sounds/181.wav
8.4830 	CRITICAL 	Completed trial 34 out of 334: ../data/sounds/185.wav - ../data/sounds/238.wav
8.4830 	CRITICAL 	Completed trial 35 out of 334: ../data/sounds/86.wav - ../data/sounds/185.wav
8.4830 	CRITICAL 	Completed trial 36 out of 334: ../data/sounds/486.wav - ../data/sounds/537.wav
8.4830 	CRITICAL 	Completed trial 37 out of 334: ../data/sounds/420.wav - ../data/sounds/486.wav
8.4831 	CRITICAL 	Completed trial 38 out of 334: ../data/sounds/335.wav - ../data/sounds/420.wav
8.4831 	CRITICAL 	Completed trial 39 out of 334: ../data/sounds/268.wav - ../data/sounds/335.wav
8.4831 	CRITICAL 	Completed trial 40 out of 334: ../data/sounds/217.wav - ../data/sounds/268.wav
8.4831 	CRITICAL 	Completed trial 41 out of 334: ../data/sounds/138.wav - ../data/sounds/217.wav
8.4831 	CRITICAL 	Completed trial 42 out of 334: ../data/sounds/439.wav - ../data/sounds/527.wav
8.4831 	CRITICAL 	Completed trial 43 out of 334: ../data/sounds/382.wav - ../data/sounds/439.wav
8.4831 	CRITICAL 	Completed trial 44 out of 334: ../data/sounds/349.wav - ../data/sounds/382.wav
8.4832 	CRITICAL 	Completed trial 45 out of 334: ../data/sounds/229.wav - ../data/sounds/349.wav
8.4832 	CRITICAL 	Completed trial 46 out of 334: ../data/sounds/175.wav - ../data/sounds/229.wav
8.4832 	CRITICAL 	Completed trial 47 out of 334: ../data/sounds/59.wav - ../data/sounds/175.wav
8.4832 	CRITICAL 	Completed trial 48 out of 334: ../data/sounds/503.wav - ../data/sounds/522.wav
8.4832 	CRITICAL 	Completed trial 49 out of 334: ../data/sounds/367.wav - ../data/sounds/503.wav
8.4832 	CRITICAL 	Completed trial 50 out of 334: ../data/sounds/354.wav - ../data/sounds/367.wav
8.4832 	CRITICAL 	Completed trial 51 out of 334: ../data/sounds/254.wav - ../data/sounds/354.wav
8.4832 	CRITICAL 	Completed trial 52 out of 334: ../data/sounds/155.wav - ../data/sounds/254.wav
8.4833 	CRITICAL 	Completed trial 53 out of 334: ../data/sounds/100.wav - ../data/sounds/155.wav
8.4833 	CRITICAL 	Completed trial 54 out of 334: ../data/sounds/447.wav - ../data/sounds/519.wav
8.4833 	CRITICAL 	Completed trial 55 out of 334: ../data/sounds/238.wav - ../data/sounds/302.wav
8.4833 	CRITICAL 	Completed trial 56 out of 334: ../data/sounds/302.wav - ../data/sounds/390.wav
8.4833 	CRITICAL 	Completed trial 57 out of 334: ../data/sounds/390.wav - ../data/sounds/444.wav
8.4833 	CRITICAL 	Completed trial 58 out of 334: ../data/sounds/444.wav - ../data/sounds/543.wav
8.4833 	CRITICAL 	Completed trial 59 out of 334: ../data/sounds/211.wav - ../data/sounds/233.wav
8.4834 	CRITICAL 	Completed trial 60 out of 334: ../data/sounds/98.wav - ../data/sounds/211.wav
8.4834 	CRITICAL 	Completed trial 61 out of 334: ../data/sounds/287.wav - ../data/sounds/298.wav
8.4834 	CRITICAL 	Completed trial 62 out of 334: ../data/sounds/167.wav - ../data/sounds/287.wav
8.4834 	CRITICAL 	Completed trial 63 out of 334: ../data/sounds/54.wav - ../data/sounds/167.wav
8.4834 	CRITICAL 	Completed trial 64 out of 334: ../data/sounds/354.wav - ../data/sounds/367.wav
8.4834 	CRITICAL 	Completed trial 65 out of 334: ../data/sounds/254.wav - ../data/sounds/354.wav
8.4834 	CRITICAL 	Completed trial 66 out of 334: ../data/sounds/155.wav - ../data/sounds/254.wav
8.4835 	CRITICAL 	Completed trial 67 out of 334: ../data/sounds/100.wav - ../data/sounds/155.wav
8.4835 	CRITICAL 	Completed trial 68 out of 334: ../data/sounds/319.wav - ../data/sounds/385.wav
8.4835 	CRITICAL 	Completed trial 69 out of 334: ../data/sounds/407.wav - ../data/sounds/447.wav
8.4835 	CRITICAL 	Completed trial 70 out of 334: ../data/sounds/269.wav - ../data/sounds/319.wav
8.4835 	CRITICAL 	Completed trial 71 out of 334: ../data/sounds/140.wav - ../data/sounds/225.wav
8.4835 	CRITICAL 	Completed trial 72 out of 334: ../data/sounds/413.wav - ../data/sounds/433.wav
8.4835 	CRITICAL 	Completed trial 73 out of 334: ../data/sounds/356.wav - ../data/sounds/413.wav
8.4836 	CRITICAL 	Completed trial 74 out of 334: ../data/sounds/282.wav - ../data/sounds/356.wav
8.4836 	CRITICAL 	Completed trial 75 out of 334: ../data/sounds/176.wav - ../data/sounds/282.wav
8.4836 	CRITICAL 	Completed trial 76 out of 334: ../data/sounds/110.wav - ../data/sounds/176.wav
8.4836 	CRITICAL 	Completed trial 77 out of 334: ../data/sounds/417.wav - ../data/sounds/454.wav
8.4836 	CRITICAL 	Completed trial 78 out of 334: ../data/sounds/346.wav - ../data/sounds/417.wav
8.4836 	CRITICAL 	Completed trial 79 out of 334: ../data/sounds/260.wav - ../data/sounds/346.wav
8.4836 	CRITICAL 	Completed trial 80 out of 334: ../data/sounds/189.wav - ../data/sounds/260.wav
8.4837 	CRITICAL 	Completed trial 81 out of 334: ../data/sounds/225.wav - ../data/sounds/269.wav
8.4837 	CRITICAL 	Completed trial 82 out of 334: ../data/sounds/296.wav - ../data/sounds/407.wav
8.4837 	CRITICAL 	Completed trial 83 out of 334: ../data/sounds/114.wav - ../data/sounds/189.wav
8.4837 	CRITICAL 	Completed trial 84 out of 334: ../data/sounds/197.wav - ../data/sounds/271.wav
8.4837 	CRITICAL 	Completed trial 85 out of 334: ../data/sounds/145.wav - ../data/sounds/196.wav
8.4837 	CRITICAL 	Completed trial 86 out of 334: ../data/sounds/510.wav - ../data/sounds/560.wav
8.4837 	CRITICAL 	Completed trial 87 out of 334: ../data/sounds/472.wav - ../data/sounds/510.wav
8.4837 	CRITICAL 	Completed trial 88 out of 334: ../data/sounds/370.wav - ../data/sounds/472.wav
8.4838 	CRITICAL 	Completed trial 89 out of 334: ../data/sounds/304.wav - ../data/sounds/370.wav
8.4838 	CRITICAL 	Completed trial 90 out of 334: ../data/sounds/292.wav - ../data/sounds/304.wav
8.4838 	CRITICAL 	Completed trial 91 out of 334: ../data/sounds/222.wav - ../data/sounds/292.wav
8.4838 	CRITICAL 	Completed trial 92 out of 334: ../data/sounds/135.wav - ../data/sounds/222.wav
8.4838 	CRITICAL 	Completed trial 93 out of 334: ../data/sounds/535.wav - ../data/sounds/559.wav
8.4838 	CRITICAL 	Completed trial 94 out of 334: ../data/sounds/376.wav - ../data/sounds/424.wav
8.4838 	CRITICAL 	Completed trial 95 out of 334: ../data/sounds/316.wav - ../data/sounds/376.wav
8.4839 	CRITICAL 	Completed trial 96 out of 334: ../data/sounds/280.wav - ../data/sounds/316.wav
8.4839 	CRITICAL 	Completed trial 97 out of 334: ../data/sounds/206.wav - ../data/sounds/280.wav
8.4839 	CRITICAL 	Completed trial 98 out of 334: ../data/sounds/204.wav - ../data/sounds/206.wav
8.4839 	CRITICAL 	Completed trial 99 out of 334: ../data/sounds/507.wav - ../data/sounds/552.wav
8.4839 	CRITICAL 	Completed trial 100 out of 334: ../data/sounds/458.wav - ../data/sounds/507.wav
8.4839 	CRITICAL 	Completed trial 101 out of 334: ../data/sounds/394.wav - ../data/sounds/458.wav
8.4839 	CRITICAL 	Completed trial 102 out of 334: ../data/sounds/308.wav - ../data/sounds/394.wav
8.4840 	CRITICAL 	Completed trial 103 out of 334: ../data/sounds/250.wav - ../data/sounds/308.wav
8.4840 	CRITICAL 	Completed trial 104 out of 334: ../data/sounds/181.wav - ../data/sounds/250.wav
8.4840 	CRITICAL 	Completed trial 105 out of 334: ../data/sounds/271.wav - ../data/sounds/296.wav
8.4840 	CRITICAL 	Completed trial 106 out of 334: ../data/sounds/196.wav - ../data/sounds/243.wav
8.4840 	CRITICAL 	Completed trial 107 out of 334: ../data/sounds/243.wav - ../data/sounds/328.wav
8.4840 	CRITICAL 	Completed trial 108 out of 334: ../data/sounds/424.wav - ../data/sounds/535.wav
8.4840 	CRITICAL 	Completed trial 109 out of 334: ../data/sounds/373.wav - ../data/sounds/450.wav
8.4840 	CRITICAL 	Completed trial 110 out of 334: ../data/sounds/71.wav - ../data/sounds/197.wav
8.4841 	CRITICAL 	Completed trial 111 out of 334: ../data/sounds/328.wav - ../data/sounds/373.wav
8.4841 	CRITICAL 	Completed trial 112 out of 334: ../data/sounds/91.wav - ../data/sounds/163.wav
8.4841 	CRITICAL 	Completed trial 113 out of 334: ../data/sounds/482.wav - ../data/sounds/500.wav
8.4841 	CRITICAL 	Completed trial 114 out of 334: ../data/sounds/408.wav - ../data/sounds/482.wav
8.4841 	CRITICAL 	Completed trial 115 out of 334: ../data/sounds/320.wav - ../data/sounds/408.wav
8.4841 	CRITICAL 	Completed trial 116 out of 334: ../data/sounds/269.wav - ../data/sounds/320.wav
8.4842 	CRITICAL 	Completed trial 117 out of 334: ../data/sounds/225.wav - ../data/sounds/269.wav
8.4842 	CRITICAL 	Completed trial 118 out of 334: ../data/sounds/481.wav - ../data/sounds/495.wav
8.4842 	CRITICAL 	Completed trial 119 out of 334: ../data/sounds/436.wav - ../data/sounds/481.wav
8.4842 	CRITICAL 	Completed trial 120 out of 334: ../data/sounds/298.wav - ../data/sounds/436.wav
8.4842 	CRITICAL 	Completed trial 121 out of 334: ../data/sounds/287.wav - ../data/sounds/298.wav
8.4843 	CRITICAL 	Completed trial 122 out of 334: ../data/sounds/140.wav - ../data/sounds/225.wav
8.4843 	CRITICAL 	Completed trial 123 out of 334: ../data/sounds/167.wav - ../data/sounds/287.wav
8.4843 	CRITICAL 	Completed trial 124 out of 334: ../data/sounds/530.wav - ../data/sounds/567.wav
8.4844 	CRITICAL 	Completed trial 125 out of 334: ../data/sounds/51.wav - ../data/sounds/216.wav
8.4844 	CRITICAL 	Completed trial 126 out of 334: ../data/sounds/216.wav - ../data/sounds/248.wav
8.4844 	CRITICAL 	Completed trial 127 out of 334: ../data/sounds/248.wav - ../data/sounds/339.wav
8.4844 	CRITICAL 	Completed trial 128 out of 334: ../data/sounds/450.wav - ../data/sounds/530.wav
8.4845 	CRITICAL 	Completed trial 129 out of 334: ../data/sounds/398.wav - ../data/sounds/467.wav
8.4845 	CRITICAL 	Completed trial 130 out of 334: ../data/sounds/467.wav - ../data/sounds/490.wav
8.4845 	CRITICAL 	Completed trial 131 out of 334: ../data/sounds/54.wav - ../data/sounds/167.wav
8.4846 	CRITICAL 	Completed trial 132 out of 334: ../data/sounds/339.wav - ../data/sounds/398.wav
8.4846 	CRITICAL 	Completed trial 133 out of 334: ../data/sounds/214.wav - ../data/sounds/246.wav
8.4847 	CRITICAL 	Completed trial 134 out of 334: ../data/sounds/310.wav - ../data/sounds/369.wav
8.4847 	CRITICAL 	Completed trial 135 out of 334: ../data/sounds/264.wav - ../data/sounds/310.wav
8.4847 	CRITICAL 	Completed trial 136 out of 334: ../data/sounds/369.wav - ../data/sounds/421.wav
8.4847 	CRITICAL 	Completed trial 137 out of 334: ../data/sounds/246.wav - ../data/sounds/340.wav
8.4848 	CRITICAL 	Completed trial 138 out of 334: ../data/sounds/214.wav - ../data/sounds/246.wav
8.4848 	CRITICAL 	Completed trial 139 out of 334: ../data/sounds/52.wav - ../data/sounds/183.wav
8.4849 	CRITICAL 	Completed trial 140 out of 334: ../data/sounds/183.wav - ../data/sounds/337.wav
8.4849 	CRITICAL 	Completed trial 141 out of 334: ../data/sounds/115.wav - ../data/sounds/264.wav
8.4850 	CRITICAL 	Completed trial 142 out of 334: ../data/sounds/337.wav - ../data/sounds/410.wav
8.4850 	CRITICAL 	Completed trial 143 out of 334: ../data/sounds/340.wav - ../data/sounds/363.wav
8.4850 	CRITICAL 	Completed trial 144 out of 334: ../data/sounds/253.wav - ../data/sounds/326.wav
8.4851 	CRITICAL 	Completed trial 145 out of 334: ../data/sounds/220.wav - ../data/sounds/536.wav
8.4851 	CRITICAL 	Completed trial 146 out of 334: ../data/sounds/459.wav - ../data/sounds/564.wav
8.4852 	CRITICAL 	Completed trial 147 out of 334: ../data/sounds/353.wav - ../data/sounds/459.wav
8.4852 	CRITICAL 	Completed trial 148 out of 334: ../data/sounds/303.wav - ../data/sounds/353.wav
8.4852 	CRITICAL 	Completed trial 149 out of 334: ../data/sounds/249.wav - ../data/sounds/303.wav
8.4853 	CRITICAL 	Completed trial 150 out of 334: ../data/sounds/224.wav - ../data/sounds/249.wav
8.4853 	CRITICAL 	Completed trial 151 out of 334: ../data/sounds/485.wav - ../data/sounds/563.wav
8.4853 	CRITICAL 	Completed trial 152 out of 334: ../data/sounds/351.wav - ../data/sounds/485.wav
8.4854 	CRITICAL 	Completed trial 153 out of 334: ../data/sounds/285.wav - ../data/sounds/351.wav
8.4854 	CRITICAL 	Completed trial 154 out of 334: ../data/sounds/200.wav - ../data/sounds/285.wav
8.4855 	CRITICAL 	Completed trial 155 out of 334: ../data/sounds/58.wav - ../data/sounds/200.wav
8.4855 	CRITICAL 	Completed trial 156 out of 334: ../data/sounds/536.wav - ../data/sounds/541.wav
8.4855 	CRITICAL 	Completed trial 157 out of 334: ../data/sounds/476.wav - ../data/sounds/534.wav
8.4856 	CRITICAL 	Completed trial 158 out of 334: ../data/sounds/246.wav - ../data/sounds/343.wav
8.4856 	CRITICAL 	Completed trial 159 out of 334: ../data/sounds/209.wav - ../data/sounds/253.wav
8.4856 	CRITICAL 	Completed trial 160 out of 334: ../data/sounds/343.wav - ../data/sounds/372.wav
8.4857 	CRITICAL 	Completed trial 161 out of 334: ../data/sounds/315.wav - ../data/sounds/364.wav
8.4857 	CRITICAL 	Completed trial 162 out of 334: ../data/sounds/112.wav - ../data/sounds/173.wav
8.4858 	CRITICAL 	Completed trial 163 out of 334: ../data/sounds/165.wav - ../data/sounds/327.wav
8.4858 	CRITICAL 	Completed trial 164 out of 334: ../data/sounds/50.wav - ../data/sounds/165.wav
8.4858 	CRITICAL 	Completed trial 165 out of 334: ../data/sounds/364.wav - ../data/sounds/555.wav
8.4858 	CRITICAL 	Completed trial 166 out of 334: ../data/sounds/381.wav - ../data/sounds/476.wav
8.4859 	CRITICAL 	Completed trial 167 out of 334: ../data/sounds/231.wav - ../data/sounds/315.wav
8.4859 	CRITICAL 	Completed trial 168 out of 334: ../data/sounds/137.wav - ../data/sounds/231.wav
8.4859 	CRITICAL 	Completed trial 169 out of 334: ../data/sounds/397.wav - ../data/sounds/497.wav
8.4860 	CRITICAL 	Completed trial 170 out of 334: ../data/sounds/289.wav - ../data/sounds/397.wav
8.4860 	CRITICAL 	Completed trial 171 out of 334: ../data/sounds/267.wav - ../data/sounds/289.wav
8.4860 	CRITICAL 	Completed trial 172 out of 334: ../data/sounds/240.wav - ../data/sounds/267.wav
8.4861 	CRITICAL 	Completed trial 173 out of 334: ../data/sounds/414.wav - ../data/sounds/487.wav
8.4861 	CRITICAL 	Completed trial 174 out of 334: ../data/sounds/279.wav - ../data/sounds/414.wav
8.4861 	CRITICAL 	Completed trial 175 out of 334: ../data/sounds/258.wav - ../data/sounds/279.wav
8.4862 	CRITICAL 	Completed trial 176 out of 334: ../data/sounds/372.wav - ../data/sounds/448.wav
8.4862 	CRITICAL 	Completed trial 177 out of 334: ../data/sounds/64.wav - ../data/sounds/258.wav
8.4863 	CRITICAL 	Completed trial 178 out of 334: ../data/sounds/274.wav - ../data/sounds/359.wav
8.4863 	CRITICAL 	Completed trial 179 out of 334: ../data/sounds/234.wav - ../data/sounds/274.wav
8.4863 	CRITICAL 	Completed trial 180 out of 334: ../data/sounds/73.wav - ../data/sounds/234.wav
8.4864 	CRITICAL 	Completed trial 181 out of 334: ../data/sounds/347.wav - ../data/sounds/466.wav
8.4864 	CRITICAL 	Completed trial 182 out of 334: ../data/sounds/272.wav - ../data/sounds/347.wav
8.4864 	CRITICAL 	Completed trial 183 out of 334: ../data/sounds/228.wav - ../data/sounds/272.wav
8.4865 	CRITICAL 	Completed trial 184 out of 334: ../data/sounds/95.wav - ../data/sounds/228.wav
8.4865 	CRITICAL 	Completed trial 185 out of 334: ../data/sounds/403.wav - ../data/sounds/455.wav
8.4865 	CRITICAL 	Completed trial 186 out of 334: ../data/sounds/291.wav - ../data/sounds/403.wav
8.4866 	CRITICAL 	Completed trial 187 out of 334: ../data/sounds/179.wav - ../data/sounds/291.wav
8.4866 	CRITICAL 	Completed trial 188 out of 334: ../data/sounds/88.wav - ../data/sounds/179.wav
8.4866 	CRITICAL 	Completed trial 189 out of 334: ../data/sounds/295.wav - ../data/sounds/375.wav
8.4867 	CRITICAL 	Completed trial 190 out of 334: ../data/sounds/173.wav - ../data/sounds/295.wav
8.4867 	CRITICAL 	Completed trial 191 out of 334: ../data/sounds/359.wav - ../data/sounds/479.wav
8.4868 	CRITICAL 	Completed trial 192 out of 334: ../data/sounds/312.wav - ../data/sounds/381.wav
8.4868 	CRITICAL 	Completed trial 193 out of 334: ../data/sounds/246.wav - ../data/sounds/340.wav
8.4868 	CRITICAL 	Completed trial 194 out of 334: ../data/sounds/92.wav - ../data/sounds/184.wav
8.4868 	CRITICAL 	Completed trial 195 out of 334: ../data/sounds/95.wav - ../data/sounds/228.wav
8.4869 	CRITICAL 	Completed trial 196 out of 334: ../data/sounds/184.wav - ../data/sounds/312.wav
8.4869 	CRITICAL 	Completed trial 197 out of 334: ../data/sounds/214.wav - ../data/sounds/246.wav
8.4870 	CRITICAL 	Completed trial 198 out of 334: ../data/sounds/340.wav - ../data/sounds/363.wav
8.4870 	CRITICAL 	Completed trial 199 out of 334: ../data/sounds/363.wav - ../data/sounds/501.wav
8.4870 	CRITICAL 	Completed trial 200 out of 334: ../data/sounds/501.wav - ../data/sounds/506.wav
8.4871 	CRITICAL 	Completed trial 201 out of 334: ../data/sounds/50.wav - ../data/sounds/165.wav
8.4871 	CRITICAL 	Completed trial 202 out of 334: ../data/sounds/165.wav - ../data/sounds/327.wav
8.4871 	CRITICAL 	Completed trial 203 out of 334: ../data/sounds/327.wav - ../data/sounds/441.wav
8.4872 	CRITICAL 	Completed trial 204 out of 334: ../data/sounds/441.wav - ../data/sounds/465.wav
8.4872 	CRITICAL 	Completed trial 205 out of 334: ../data/sounds/465.wav - ../data/sounds/511.wav
8.4872 	CRITICAL 	Completed trial 206 out of 334: ../data/sounds/153.wav - ../data/sounds/161.wav
8.4873 	CRITICAL 	Completed trial 207 out of 334: ../data/sounds/161.wav - ../data/sounds/300.wav
8.4873 	CRITICAL 	Completed trial 208 out of 334: ../data/sounds/300.wav - ../data/sounds/386.wav
8.4873 	CRITICAL 	Completed trial 209 out of 334: ../data/sounds/214.wav - ../data/sounds/246.wav
8.4874 	CRITICAL 	Completed trial 210 out of 334: ../data/sounds/492.wav - ../data/sounds/515.wav
8.4874 	CRITICAL 	Completed trial 211 out of 334: ../data/sounds/386.wav - ../data/sounds/492.wav
8.4874 	CRITICAL 	Completed trial 212 out of 334: ../data/sounds/375.wav - ../data/sounds/504.wav
8.4875 	CRITICAL 	Completed trial 213 out of 334: ../data/sounds/504.wav - ../data/sounds/531.wav
8.4875 	CRITICAL 	Completed trial 214 out of 334: ../data/sounds/295.wav - ../data/sounds/375.wav
8.4876 	CRITICAL 	Completed trial 215 out of 334: ../data/sounds/112.wav - ../data/sounds/173.wav
8.4876 	CRITICAL 	Completed trial 216 out of 334: ../data/sounds/410.wav - ../data/sounds/442.wav
8.4876 	CRITICAL 	Completed trial 217 out of 334: ../data/sounds/173.wav - ../data/sounds/295.wav
8.4877 	CRITICAL 	Completed trial 218 out of 334: ../data/sounds/183.wav - ../data/sounds/337.wav
8.4877 	CRITICAL 	Completed trial 219 out of 334: ../data/sounds/52.wav - ../data/sounds/183.wav
8.4877 	CRITICAL 	Completed trial 220 out of 334: ../data/sounds/315.wav - ../data/sounds/364.wav
8.4877 	CRITICAL 	Completed trial 221 out of 334: ../data/sounds/231.wav - ../data/sounds/315.wav
8.4878 	CRITICAL 	Completed trial 222 out of 334: ../data/sounds/137.wav - ../data/sounds/231.wav
8.4878 	CRITICAL 	Completed trial 223 out of 334: ../data/sounds/337.wav - ../data/sounds/410.wav
8.4879 	CRITICAL 	Completed trial 224 out of 334: ../data/sounds/322.wav - ../data/sounds/392.wav
8.4880 	CRITICAL 	Completed trial 225 out of 334: ../data/sounds/257.wav - ../data/sounds/294.wav
8.4880 	CRITICAL 	Completed trial 226 out of 334: ../data/sounds/174.wav - ../data/sounds/257.wav
8.4880 	CRITICAL 	Completed trial 227 out of 334: ../data/sounds/294.wav - ../data/sounds/366.wav
8.4880 	CRITICAL 	Completed trial 228 out of 334: ../data/sounds/113.wav - ../data/sounds/174.wav
8.4881 	CRITICAL 	Completed trial 229 out of 334: ../data/sounds/443.wav - ../data/sounds/461.wav
8.4881 	CRITICAL 	Completed trial 230 out of 334: ../data/sounds/342.wav - ../data/sounds/443.wav
8.4882 	CRITICAL 	Completed trial 231 out of 334: ../data/sounds/218.wav - ../data/sounds/342.wav
8.4882 	CRITICAL 	Completed trial 232 out of 334: ../data/sounds/146.wav - ../data/sounds/218.wav
8.4882 	CRITICAL 	Completed trial 233 out of 334: ../data/sounds/139.wav - ../data/sounds/146.wav
8.4883 	CRITICAL 	Completed trial 234 out of 334: ../data/sounds/392.wav - ../data/sounds/453.wav
8.4883 	CRITICAL 	Completed trial 235 out of 334: ../data/sounds/241.wav - ../data/sounds/322.wav
8.4883 	CRITICAL 	Completed trial 236 out of 334: ../data/sounds/387.wav - ../data/sounds/488.wav
8.4883 	CRITICAL 	Completed trial 237 out of 334: ../data/sounds/89.wav - ../data/sounds/154.wav
8.4884 	CRITICAL 	Completed trial 238 out of 334: ../data/sounds/338.wav - ../data/sounds/377.wav
8.4884 	CRITICAL 	Completed trial 239 out of 334: ../data/sounds/198.wav - ../data/sounds/223.wav
8.4884 	CRITICAL 	Completed trial 240 out of 334: ../data/sounds/117.wav - ../data/sounds/198.wav
8.4884 	CRITICAL 	Completed trial 241 out of 334: ../data/sounds/283.wav - ../data/sounds/415.wav
8.4884 	CRITICAL 	Completed trial 242 out of 334: ../data/sounds/227.wav - ../data/sounds/283.wav
8.4884 	CRITICAL 	Completed trial 243 out of 334: ../data/sounds/187.wav - ../data/sounds/227.wav
8.4884 	CRITICAL 	Completed trial 244 out of 334: ../data/sounds/53.wav - ../data/sounds/187.wav
8.4885 	CRITICAL 	Completed trial 245 out of 334: ../data/sounds/488.wav - ../data/sounds/565.wav
8.4885 	CRITICAL 	Completed trial 246 out of 334: ../data/sounds/366.wav - ../data/sounds/468.wav
8.4885 	CRITICAL 	Completed trial 247 out of 334: ../data/sounds/290.wav - ../data/sounds/387.wav
8.4885 	CRITICAL 	Completed trial 248 out of 334: ../data/sounds/154.wav - ../data/sounds/241.wav
8.4885 	CRITICAL 	Completed trial 249 out of 334: ../data/sounds/141.wav - ../data/sounds/177.wav
8.4886 	CRITICAL 	Completed trial 250 out of 334: ../data/sounds/103.wav - ../data/sounds/182.wav
8.4886 	CRITICAL 	Completed trial 251 out of 334: ../data/sounds/236.wav - ../data/sounds/325.wav
8.4886 	CRITICAL 	Completed trial 252 out of 334: ../data/sounds/265.wav - ../data/sounds/290.wav
8.4886 	CRITICAL 	Completed trial 253 out of 334: ../data/sounds/90.wav - ../data/sounds/193.wav
8.4886 	CRITICAL 	Completed trial 254 out of 334: ../data/sounds/182.wav - ../data/sounds/275.wav
8.4886 	CRITICAL 	Completed trial 255 out of 334: ../data/sounds/332.wav - ../data/sounds/412.wav
8.4886 	CRITICAL 	Completed trial 256 out of 334: ../data/sounds/262.wav - ../data/sounds/332.wav
8.4887 	CRITICAL 	Completed trial 257 out of 334: ../data/sounds/150.wav - ../data/sounds/262.wav
8.4887 	CRITICAL 	Completed trial 258 out of 334: ../data/sounds/105.wav - ../data/sounds/150.wav
8.4887 	CRITICAL 	Completed trial 259 out of 334: ../data/sounds/218.wav - ../data/sounds/342.wav
8.4887 	CRITICAL 	Completed trial 260 out of 334: ../data/sounds/146.wav - ../data/sounds/218.wav
8.4887 	CRITICAL 	Completed trial 261 out of 334: ../data/sounds/139.wav - ../data/sounds/146.wav
8.4887 	CRITICAL 	Completed trial 262 out of 334: ../data/sounds/275.wav - ../data/sounds/345.wav
8.4888 	CRITICAL 	Completed trial 263 out of 334: ../data/sounds/182.wav - ../data/sounds/275.wav
8.4888 	CRITICAL 	Completed trial 264 out of 334: ../data/sounds/103.wav - ../data/sounds/182.wav
8.4888 	CRITICAL 	Completed trial 265 out of 334: ../data/sounds/539.wav - ../data/sounds/540.wav
8.4889 	CRITICAL 	Completed trial 266 out of 334: ../data/sounds/113.wav - ../data/sounds/539.wav
8.4889 	CRITICAL 	Completed trial 267 out of 334: ../data/sounds/288.wav - ../data/sounds/360.wav
8.4889 	CRITICAL 	Completed trial 268 out of 334: ../data/sounds/255.wav - ../data/sounds/288.wav
8.4889 	CRITICAL 	Completed trial 269 out of 334: ../data/sounds/162.wav - ../data/sounds/255.wav
8.4890 	CRITICAL 	Completed trial 270 out of 334: ../data/sounds/94.wav - ../data/sounds/162.wav
8.4890 	CRITICAL 	Completed trial 271 out of 334: ../data/sounds/318.wav - ../data/sounds/371.wav
8.4890 	CRITICAL 	Completed trial 272 out of 334: ../data/sounds/213.wav - ../data/sounds/318.wav
8.4890 	CRITICAL 	Completed trial 273 out of 334: ../data/sounds/203.wav - ../data/sounds/213.wav
8.4890 	CRITICAL 	Completed trial 274 out of 334: ../data/sounds/55.wav - ../data/sounds/203.wav
8.4891 	CRITICAL 	Completed trial 275 out of 334: ../data/sounds/380.wav - ../data/sounds/473.wav
8.4891 	CRITICAL 	Completed trial 276 out of 334: ../data/sounds/325.wav - ../data/sounds/380.wav
8.4891 	CRITICAL 	Completed trial 277 out of 334: ../data/sounds/177.wav - ../data/sounds/236.wav
8.4891 	CRITICAL 	Completed trial 278 out of 334: ../data/sounds/193.wav - ../data/sounds/265.wav
8.4891 	CRITICAL 	Completed trial 279 out of 334: ../data/sounds/223.wav - ../data/sounds/338.wav
8.4891 	CRITICAL 	Completed trial 280 out of 334: ../data/sounds/430.wav - ../data/sounds/561.wav
8.4892 	CRITICAL 	Completed trial 281 out of 334: ../data/sounds/103.wav - ../data/sounds/182.wav
8.4892 	CRITICAL 	Completed trial 282 out of 334: ../data/sounds/477.wav - ../data/sounds/521.wav
8.4892 	CRITICAL 	Completed trial 283 out of 334: ../data/sounds/418.wav - ../data/sounds/477.wav
8.4892 	CRITICAL 	Completed trial 284 out of 334: ../data/sounds/352.wav - ../data/sounds/418.wav
8.4892 	CRITICAL 	Completed trial 285 out of 334: ../data/sounds/276.wav - ../data/sounds/352.wav
8.4892 	CRITICAL 	Completed trial 286 out of 334: ../data/sounds/182.wav - ../data/sounds/276.wav
8.4892 	CRITICAL 	Completed trial 287 out of 334: ../data/sounds/103.wav - ../data/sounds/182.wav
8.4892 	CRITICAL 	Completed trial 288 out of 334: ../data/sounds/508.wav - ../data/sounds/517.wav
8.4893 	CRITICAL 	Completed trial 289 out of 334: ../data/sounds/371.wav - ../data/sounds/508.wav
8.4893 	CRITICAL 	Completed trial 290 out of 334: ../data/sounds/318.wav - ../data/sounds/371.wav
8.4893 	CRITICAL 	Completed trial 291 out of 334: ../data/sounds/213.wav - ../data/sounds/318.wav
8.4893 	CRITICAL 	Completed trial 292 out of 334: ../data/sounds/55.wav - ../data/sounds/203.wav
8.4893 	CRITICAL 	Completed trial 293 out of 334: ../data/sounds/456.wav - ../data/sounds/512.wav
8.4894 	CRITICAL 	Completed trial 294 out of 334: ../data/sounds/357.wav - ../data/sounds/456.wav
8.4894 	CRITICAL 	Completed trial 295 out of 334: ../data/sounds/299.wav - ../data/sounds/357.wav
8.4894 	CRITICAL 	Completed trial 296 out of 334: ../data/sounds/237.wav - ../data/sounds/299.wav
8.4894 	CRITICAL 	Completed trial 297 out of 334: ../data/sounds/191.wav - ../data/sounds/237.wav
8.4894 	CRITICAL 	Completed trial 298 out of 334: ../data/sounds/60.wav - ../data/sounds/191.wav
8.4894 	CRITICAL 	Completed trial 299 out of 334: ../data/sounds/462.wav - ../data/sounds/499.wav
8.4894 	CRITICAL 	Completed trial 300 out of 334: ../data/sounds/422.wav - ../data/sounds/462.wav
8.4895 	CRITICAL 	Completed trial 301 out of 334: ../data/sounds/306.wav - ../data/sounds/422.wav
8.4895 	CRITICAL 	Completed trial 302 out of 334: ../data/sounds/273.wav - ../data/sounds/306.wav
8.4895 	CRITICAL 	Completed trial 303 out of 334: ../data/sounds/166.wav - ../data/sounds/273.wav
8.4895 	CRITICAL 	Completed trial 304 out of 334: ../data/sounds/70.wav - ../data/sounds/166.wav
8.4895 	CRITICAL 	Completed trial 305 out of 334: ../data/sounds/90.wav - ../data/sounds/193.wav
8.4895 	CRITICAL 	Completed trial 306 out of 334: ../data/sounds/182.wav - ../data/sounds/275.wav
8.4895 	CRITICAL 	Completed trial 307 out of 334: ../data/sounds/275.wav - ../data/sounds/345.wav
8.4896 	CRITICAL 	Completed trial 308 out of 334: ../data/sounds/203.wav - ../data/sounds/213.wav
8.4896 	CRITICAL 	Completed trial 309 out of 334: ../data/sounds/440.wav - ../data/sounds/494.wav
8.4896 	CRITICAL 	Completed trial 310 out of 334: ../data/sounds/374.wav - ../data/sounds/430.wav
8.4896 	CRITICAL 	Completed trial 311 out of 334: ../data/sounds/345.wav - ../data/sounds/440.wav
8.4896 	CRITICAL 	Completed trial 312 out of 334: ../data/sounds/350.wav - ../data/sounds/374.wav
8.4896 	CRITICAL 	Completed trial 313 out of 334: ../data/sounds/244.wav - ../data/sounds/350.wav
8.4896 	CRITICAL 	Completed trial 314 out of 334: ../data/sounds/158.wav - ../data/sounds/244.wav
8.4897 	CRITICAL 	Completed trial 315 out of 334: ../data/sounds/118.wav - ../data/sounds/158.wav
8.4897 	CRITICAL 	Completed trial 316 out of 334: ../data/sounds/435.wav - ../data/sounds/557.wav
8.4897 	CRITICAL 	Completed trial 317 out of 334: ../data/sounds/391.wav - ../data/sounds/435.wav
8.4897 	CRITICAL 	Completed trial 318 out of 334: ../data/sounds/313.wav - ../data/sounds/391.wav
8.4897 	CRITICAL 	Completed trial 319 out of 334: ../data/sounds/202.wav - ../data/sounds/212.wav
8.4897 	CRITICAL 	Completed trial 320 out of 334: ../data/sounds/132.wav - ../data/sounds/202.wav
8.4897 	CRITICAL 	Completed trial 321 out of 334: ../data/sounds/505.wav - ../data/sounds/532.wav
8.4898 	CRITICAL 	Completed trial 322 out of 334: ../data/sounds/212.wav - ../data/sounds/313.wav
8.4898 	CRITICAL 	Completed trial 323 out of 334: ../data/sounds/207.wav - ../data/sounds/247.wav
8.4898 	CRITICAL 	Completed trial 324 out of 334: ../data/sounds/494.wav - ../data/sounds/525.wav
8.4898 	CRITICAL 	Completed trial 325 out of 334: ../data/sounds/65.wav - ../data/sounds/207.wav
8.4898 	CRITICAL 	Completed trial 326 out of 334: ../data/sounds/360.wav - ../data/sounds/505.wav
8.4898 	CRITICAL 	Completed trial 327 out of 334: ../data/sounds/247.wav - ../data/sounds/330.wav
8.4898 	CRITICAL 	Completed trial 328 out of 334: ../data/sounds/330.wav - ../data/sounds/409.wav
8.4898 	CRITICAL 	Completed trial 329 out of 334: ../data/sounds/484.wav - ../data/sounds/528.wav
8.4899 	CRITICAL 	Completed trial 330 out of 334: ../data/sounds/409.wav - ../data/sounds/484.wav
8.4899 	CRITICAL 	Completed trial 331 out of 334: ../data/sounds/162.wav - ../data/sounds/255.wav
8.4899 	CRITICAL 	Completed trial 332 out of 334: ../data/sounds/255.wav - ../data/sounds/288.wav
8.4899 	CRITICAL 	Completed trial 333 out of 334: ../data/sounds/288.wav - ../data/sounds/360.wav
8.4899 	CRITICAL 	Completed trial 334 out of 334: ../data/sounds/94.wav - ../data/sounds/162.wav
8.4946 	CRITICAL 	Experiment is closing down
